Sender: LSF System <srv-lsf@bmi-460g8-19>
Subject: Job 133842: <#BSUB -L /bin/bash;#BSUB -W 48:00;#BSUB -n 16;#BSUB -R "span[ptile=4]";#BSUB -M 16000;#BSUB -e /data/salomonis1/software/AltAnalyze/logs/%J.err;#BSUB -o /data/salomonis1/software/AltAnalyze/logs/%J.out; module load samtools python/2.7.6; python /data/salomonis1/software/AltAnalyze/AltAnalyze.py --bedDir /data/salomonis2/Leucegene_project//junction.bed_files --output /data/salomonis2/Leucegene_project//junction.bed_files --platform RNASeq --species Mm --expname junction.bed_files> Exited

Job <#BSUB -L /bin/bash;#BSUB -W 48:00;#BSUB -n 16;#BSUB -R "span[ptile=4]";#BSUB -M 16000;#BSUB -e /data/salomonis1/software/AltAnalyze/logs/%J.err;#BSUB -o /data/salomonis1/software/AltAnalyze/logs/%J.out; module load samtools python/2.7.6; python /data/salomonis1/software/AltAnalyze/AltAnalyze.py --bedDir /data/salomonis2/Leucegene_project//junction.bed_files --output /data/salomonis2/Leucegene_project//junction.bed_files --platform RNASeq --species Mm --expname junction.bed_files> was submitted from host <bmiclusterp1> by user <venz6v> in cluster <BMICluster>.
Job was executed on host(s) <4*bmi-460g8-19>, in queue <normal>, as user <venz6v> in cluster <BMICluster>.
                            <4*bmi-460g8-22>
                            <4*bmi-460g6-07>
                            <4*bmi-460g8-11>
Execution home directory was not known.
</data/salomonis2/Leucegene_project> was used as the working directory.
Started at Fri Dec  4 11:54:49 2015
Results reported at Fri Dec  4 11:54:53 2015
Cannot open your job file: 1449247469.133842
TERM_OWNER: job killed by owner.
Exited with exit code 2.

Resource usage summary:

    CPU time   :    109.94 sec.
    Max Memory :        13 MB
    Max Swap   :       433 MB

    Max Processes  :         4
    Max Threads    :         4


PS:

Unable to read output data from the stdout buffer file <1449247469.133842.out>: your job was probably aborted prematurely.
Unable to read stderr data from stderr buffer file; your job was probably aborted prematurely.

