Sender: LSF System <srv-lsf@bmi-460g8-11>
Subject: Job 216983: <#BSUB -L /bin/bash;#BSUB -W 48:00;#BSUB -n 16;#BSUB -R "span[ptile=4]";#BSUB -M 16000;#BSUB -e /data/salomonis1/software/AltAnalyze/logs/%J.err;#BSUB -o /data/salomonis1/software/AltAnalyze/logs/%J.out; module load python/2.7.5; python /data/salomonis1/software/AltAnalyze/AltAnalyze.py --bedDir /data/salomonis1/projects/Grimes/SLAM_HSC/bams --output /data/salomonis1/projects/Grimes/SLAM_HSC/bams --platform RNASeq --species Mm --expname SLAM_HSC> Done

Job <#BSUB -L /bin/bash;#BSUB -W 48:00;#BSUB -n 16;#BSUB -R "span[ptile=4]";#BSUB -M 16000;#BSUB -e /data/salomonis1/software/AltAnalyze/logs/%J.err;#BSUB -o /data/salomonis1/software/AltAnalyze/logs/%J.out; module load python/2.7.5; python /data/salomonis1/software/AltAnalyze/AltAnalyze.py --bedDir /data/salomonis1/projects/Grimes/SLAM_HSC/bams --output /data/salomonis1/projects/Grimes/SLAM_HSC/bams --platform RNASeq --species Mm --expname SLAM_HSC> was submitted from host <bmiclusterp1> by user <kuln3v> in cluster <BMICluster>.
Job was executed on host(s) <4*bmi-460g8-11>, in queue <normal>, as user <kuln3v> in cluster <BMICluster>.
                            <4*bmi-460g6-16>
                            <4*bmi-460g6-20>
                            <4*bmi-460g6-18>
</users/kuln3v> was used as the home directory.
</data/salomonis1/projects/Grimes/SLAM_HSC/bams> was used as the working directory.
Started at Sun Sep  6 21:27:45 2015
Results reported at Sun Sep  6 22:56:40 2015

Your job looked like:

------------------------------------------------------------
# LSBATCH: User input
#BSUB -L /bin/bash
#BSUB -W 48:00
#BSUB -n 16
#BSUB -R "span[ptile=4]"
#BSUB -M 16000
#BSUB -e /data/salomonis1/software/AltAnalyze/logs/%J.err
#BSUB -o /data/salomonis1/software/AltAnalyze/logs/%J.out

module load python/2.7.5

python /data/salomonis1/software/AltAnalyze/AltAnalyze.py --bedDir /data/salomonis1/projects/Grimes/SLAM_HSC/bams --output /data/salomonis1/projects/Grimes/SLAM_HSC/bams --platform RNASeq --species Mm --expname SLAM_HSC


------------------------------------------------------------

Successfully completed.

Resource usage summary:

    CPU time   :  20548.77 sec.
    Max Memory :      2447 MB
    Max Swap   :      6048 MB

    Max Processes  :        13
    Max Threads    :        14

The output (if any) follows:

Running commandline options

Arguments input: ['/data/salomonis1/software/AltAnalyze/AltAnalyze.py', '--bedDir', '/data/salomonis1/projects/Grimes/SLAM_HSC/bams', '--output', '/data/salomonis1/projects/Grimes/SLAM_HSC/bams', '--platform', 'RNASeq', '--species', 'Mm', '--expname', 'SLAM_HSC'] 

Beginning AltAnalyze Analysis... Format: non-log
AltAnalyze version 2.0.9 - Expression Analysis Parameters Being Used...
	database: EnsMart72
	species: Mm
	method: RNASeq
	manufacturer: RNASeq
	probability_statistic: moderated t-test
	constitutive_source: Ensembl
	dabg_p: 1.0
	junction expression threshold: 2.0
	exon_exp_threshold: 5.0
	gene_exp_threshold: 10.0
	exon_rpkm_threshold: 0.5
	gene_rpkm_threshold: 1.0
	exclude low expressing exons for RPKM: no
	avg_all_for_ss: yes
	expression_data_format: non-log
	include_raw_data: yes
	run_from_scratch: Process RNA-seq reads
	perform_alt_analysis: yes
	calculate_gene_expression_using: core
Alternative Exon Analysis Parameters Being Used...
	analysis_method: ASPIRE
	p_threshold: 0.05
	filter_data_types: all
	alt_exon_fold_variable: 0.2
	gene_expression_cutoff: 10.0
	remove_intronic_junctions: yes
	avg_all_for_ss: yes
	permute_p_threshold: 0.05
	perform_permutation_analysis: no
	export_NI_values: yes
	run_MiDAS: no
	use_direct_domain_alignments_only: inferred comparison
	microRNA_prediction_method: any
	analyze_all_conditions: pairwise
	filter_for_AS: no
	run_GOElite: run-immediately
Running command line mode: yes
multiThreading: True
Writing AltDatabase/Mm/RNASeq/Mm_Ensembl_exons.txt
Processing exon/junction coordinates sequentially by chromosome
Note: this step is time intensive (can be hours) and no print statements may post for a while
Using 8 processes
Read exon and junction mapping complete
...RNA-seq import completed in 3008 seconds

RPKM normalization complete
Imported Junction Statistics:
     116095 junctions found in Ensembl/UCSC and 46457 are novel
     1218 trans-splicing junctions found (two aligning Ensembl genes)
     5416 junctions where neither splice-site aligned to a gene
Imported Exon Statistics:
     742 exons where neither aligned to a gene
User databases and read counts written to: /data/salomonis1/projects/Grimes/SLAM_HSC/bams/ExpressionInput
Beginning to Process the Mm RNASeq dataset
22076 Ensembl GO/pathway annotations imported in 2 seconds
38561 constitutive genes and 612158 junction IDs imported out of 612159 lines.
38561 constitutive genes and 876306 junction IDs imported out of 561711 lines.
Exon data imported in 15 seconds
Reorganizing expression data into comparison groups for export to down-stream splicing analysis software
Exon data imported in 49 seconds
Exon data imported in 1 seconds
Pairwise comparisons for AltAnalyze exported...
876306 junction IDs after detection RPKM and read count filtering.
Exon data imported in 5 seconds
Exon data imported in 8 seconds
274184 junction IDs imported with expression values
522953 junction IDs after detection RPKM and read count filtering.
Exon data imported in 0 seconds
Steady-state data exported to /data/salomonis1/projects/Grimes/SLAM_HSC/bams/ExpressionInput/exp.SLAM_HSC-steady-state.txt
Reorganizing expression data into comparison groups for export to down-stream splicing analysis software
Exon data imported in 54 seconds
Exon data imported in 1 seconds
Pairwise comparisons for AltAnalyze exported...
Reorganizing expression data into comparison groups for export to down-stream splicing analysis software
Exon data imported in 136 seconds
Exon data imported in 5 seconds
Pairwise comparisons for AltAnalyze exported...
Processing the expression file: /data/salomonis1/projects/Grimes/SLAM_HSC/bams/ExpressionInput/counts.SLAM_HSC-steady-state.txt
18869 IDs imported...beginning to calculate statistics for all group comparisons
Processing the expression file: /data/salomonis1/projects/Grimes/SLAM_HSC/bams/ExpressionInput/exp.SLAM_HSC-steady-state.txt
18869 IDs imported...beginning to calculate statistics for all group comparisons
Exported GO-Elite input files...
* * * * * * * * * * Ensembl-Affymetrix relationships imported
38562 Ensembl Biotypes and 42 housekeeping genes.
Full Dataset with statistics: DATASET-SLAM_HSC.txt written
Exported GO-Elite input files...

/data/salomonis1/projects/Grimes/SLAM_HSC/bams///ExpressionOutput/DATASET-SLAM_HSC.txt
1107 genes with data to export...
Export inputs for clustering to: /data/salomonis1/projects/Grimes/SLAM_HSC/bams/ExpressionOutput/Clustering/SampleLogFolds-SLAM_HSC.txt
Export summary gene expression results to: SUMMARY-SLAM_HSC.txt
Using fastcluster instead of scipy hierarchical cluster
Building quality control graphs...
Dataset import in 47.9 seconds
Unable to generate QC plots:
Traceback (most recent call last):
  File "/data/salomonis1/software/AltAnalyze/ExpressionBuilder.py", line 1469, in visualizeQCPlots
    graphic_links = QC.outputRNASeqQC(counts_input_dir)
  File "/data/salomonis1/software/AltAnalyze/QC.py", line 863, in outputRNASeqQC
    plotExpressionDistribution(qc_db,dataset_name)
  File "/data/salomonis1/software/AltAnalyze/QC.py", line 733, in plotExpressionDistribution
    pylab.figure()
  File "/usr/local/python/2.7.5/lib/python2.7/site-packages/matplotlib-1.3.1-py2.7-linux-x86_64.egg/matplotlib/pyplot.py", line 423, in figure
    **kwargs)
  File "/usr/local/python/2.7.5/lib/python2.7/site-packages/matplotlib-1.3.1-py2.7-linux-x86_64.egg/matplotlib/backends/backend_tkagg.py", line 79, in new_figure_manager
    return new_figure_manager_given_figure(num, figure)
  File "/usr/local/python/2.7.5/lib/python2.7/site-packages/matplotlib-1.3.1-py2.7-linux-x86_64.egg/matplotlib/backends/backend_tkagg.py", line 87, in new_figure_manager_given_figure
    window = Tk.Tk()
  File "/usr/local/python/2.7.5/lib/python2.7/lib-tk/Tkinter.py", line 1745, in __init__
    self.tk = _tkinter.create(screenName, baseName, className, interactive, wantobjects, useTk, sync, use)
TclError: no display name and no $DISPLAY environment variable

Biological data type to examine: protein_coding
Importing the tissue compedium database: Mm_exon_tissue-specific_protein_coding.txt
2464 genes in the tissue compendium database
importing: exp.SLAM_HSC-steady-state.txt
803 matching genes in the dataset and tissue compendium database
Beginning LineageProfiler analysis
* * * * * * * * * * * * * * * Correlation analysis finished
LineageCorrelations-SLAM_HSC-protein_coding-exon.txt exported...
Importing the tissue compedium database: Mm_gene_tissue-specific_protein_coding.txt
3408 genes in the tissue compendium database
importing: exp.SLAM_HSC-steady-state.txt
1343 matching genes in the dataset and tissue compendium database
Beginning LineageProfiler analysis
* * * * * * * * * * * * * * * Correlation analysis finished
LineageCorrelations-SLAM_HSC-protein_coding-gene.txt exported...
Importing the tissue compedium database: Mm_exon_tissue-specific_protein_coding.txt
2464 genes in the tissue compendium database
importing: exp.SLAM_HSC-steady-state.txt
803 matching genes in the dataset and tissue compendium database
Beginning LineageProfiler analysis
* * * * * * * * * * * * * * * Correlation analysis finished
LineageCorrelations-SLAM_HSC-protein_coding-3'array.txt exported...
106 rows and 96 columns imported for LineageCorrelations-SLAM_HSC-protein_coding-zscores in 0.0 seconds...
LineageProfiler analysis completed in 10.7 seconds
Export inputs for clustering to: /data/salomonis1/projects/Grimes/SLAM_HSC/bams///ExpressionOutput/Clustering/LineageCorrelations-SLAM_HSC-protein_coding-zscores-groups.txt
106 rows and 96 columns imported for LineageCorrelations-SLAM_HSC-protein_coding-zscores in 0.0 seconds...
max allowed cluster size: 7000
Performing hiearchical clustering using cosine for columns and cosine for rows
Error using cosine ... trying euclidean instead
Performing hiearchical clustering using cosine for columns and euclidean for rows
Traceback (most recent call last):
  File "/data/salomonis1/software/AltAnalyze/clustering.py", line 1749, in runHierarchicalClustering
    contrast=contrast,allowAxisCompression=allowAxisCompression,Normalize=Normalize)
  File "/data/salomonis1/software/AltAnalyze/clustering.py", line 119, in heatmap
    pylab.figure() ### Add this to avoid a Tkinter bug after running MarkerFinder (not sure why it is needed) - creates a second empty window when display == True
  File "/usr/local/python/2.7.5/lib/python2.7/site-packages/matplotlib-1.3.1-py2.7-linux-x86_64.egg/matplotlib/pyplot.py", line 423, in figure
    **kwargs)
  File "/usr/local/python/2.7.5/lib/python2.7/site-packages/matplotlib-1.3.1-py2.7-linux-x86_64.egg/matplotlib/backends/backend_tkagg.py", line 79, in new_figure_manager
    return new_figure_manager_given_figure(num, figure)
  File "/usr/local/python/2.7.5/lib/python2.7/site-packages/matplotlib-1.3.1-py2.7-linux-x86_64.egg/matplotlib/backends/backend_tkagg.py", line 87, in new_figure_manager_given_figure
    window = Tk.Tk()
  File "/usr/local/python/2.7.5/lib/python2.7/lib-tk/Tkinter.py", line 1745, in __init__
    self.tk = _tkinter.create(screenName, baseName, className, interactive, wantobjects, useTk, sync, use)
TclError: no display name and no $DISPLAY environment variable

Unable to generate cluster due to dataset incompatibilty.
13 rows and 2 columns imported for LineageCorrelations-SLAM_HSC-protein_coding-zscores-groups_filtered in 0.0 seconds...
max allowed cluster size: 7000
Performing hiearchical clustering using cosine for columns and cosine for rows
Error using cosine ... trying euclidean instead
Performing hiearchical clustering using cosine for columns and euclidean for rows
Traceback (most recent call last):
  File "/data/salomonis1/software/AltAnalyze/clustering.py", line 1749, in runHierarchicalClustering
    contrast=contrast,allowAxisCompression=allowAxisCompression,Normalize=Normalize)
  File "/data/salomonis1/software/AltAnalyze/clustering.py", line 119, in heatmap
    pylab.figure() ### Add this to avoid a Tkinter bug after running MarkerFinder (not sure why it is needed) - creates a second empty window when display == True
  File "/usr/local/python/2.7.5/lib/python2.7/site-packages/matplotlib-1.3.1-py2.7-linux-x86_64.egg/matplotlib/pyplot.py", line 423, in figure
    **kwargs)
  File "/usr/local/python/2.7.5/lib/python2.7/site-packages/matplotlib-1.3.1-py2.7-linux-x86_64.egg/matplotlib/backends/backend_tkagg.py", line 79, in new_figure_manager
    return new_figure_manager_given_figure(num, figure)
  File "/usr/local/python/2.7.5/lib/python2.7/site-packages/matplotlib-1.3.1-py2.7-linux-x86_64.egg/matplotlib/backends/backend_tkagg.py", line 87, in new_figure_manager_given_figure
    window = Tk.Tk()
  File "/usr/local/python/2.7.5/lib/python2.7/lib-tk/Tkinter.py", line 1745, in __init__
    self.tk = _tkinter.create(screenName, baseName, className, interactive, wantobjects, useTk, sync, use)
TclError: no display name and no $DISPLAY environment variable

Unable to generate cluster due to dataset incompatibilty.
Coloring LineageMap profiles using WikiPathways webservice...
Traceback (most recent call last):
  File "/data/salomonis1/software/AltAnalyze/ExpressionBuilder.py", line 1396, in performLineageProfiler
    graphic_links = WikiPathways_webservice.viewLineageProfilerResults(export_path,graphic_links)
  File "/data/salomonis1/software/AltAnalyze/WikiPathways_webservice.py", line 199, in viewLineageProfilerResults
    pathway_db = getPathwayAs(pathway_db,'Hs','Ensembl')
  File "/data/salomonis1/software/AltAnalyze/WikiPathways_webservice.py", line 64, in getPathwayAs
    wp_id_data = client.service.getPathwayAs(fileType = file_type,pwId = wpid, revision = 0)
NameError: global name 'client' is not defined


Exporting exon-level Normalized Intensity file to: /data/salomonis1/projects/Grimes/SLAM_HSC/bams///AltResults/RawSpliceData/Mm/splicing-index/SLAM_HSC.txt
18869 genes with data imported
523150 found with 355830 entries normalized.
561514 exon/junction IDs stored as instances of SplicingAnnotationData in memory
0 genes not viewed as constitutive as a result of filtering exon/junction IDs based on splicing evidence, added back
Begining to filter Mm_RNASeq_SLAM_vs_IlluminaPrimer
...Exporting /data/salomonis1/projects/Grimes/SLAM_HSC/bams//AltExpression/RNASeq/Mm/Mm_RNASeq_SLAM_vs_IlluminaPrimer.ExpCutoff-2.0_average.txt
Export 18869 rows to: /data/salomonis1/projects/Grimes/SLAM_HSC/bams/ExpressionOutput//AVERAGE-SLAM_HSC.txt
Filtered columns printed to: /data/salomonis1/projects/Grimes/SLAM_HSC/bams/ExpressionInput/exp.SLAM_HSC-steady-state-output.txt
* * * * * * * * * [True, '/data/salomonis1/projects/Grimes/SLAM_HSC/bams/ExpressionInput/exp.SLAM_HSC-steady-state.txt', 'Housekeeping']

exported: /data/salomonis1/projects/Grimes/SLAM_HSC/bams/ExpressionOutput/MarkerFinder/MarkerGenes-ReplicateBased.txt

/data/salomonis1/projects/Grimes/SLAM_HSC/bams/ExpressionOutput/DATASET-SLAM_HSC.txt
120 genes with data to export...
Export inputs for clustering to: /data/salomonis1/projects/Grimes/SLAM_HSC/bams///ExpressionOutput/MarkerFinder/Clustering/MarkerGenes_correlations-ReplicateBased.txt
120 rows and 96 columns imported for MarkerGenes_correlations-ReplicateBased in 0.0 seconds...
max allowed cluster size: 20000
Performing hiearchical clustering using euclidean for columns and cosine for rows
Error using cosine ... trying euclidean instead
Performing hiearchical clustering using euclidean for columns and euclidean for rows
Traceback (most recent call last):
  File "/data/salomonis1/software/AltAnalyze/clustering.py", line 1749, in runHierarchicalClustering
    contrast=contrast,allowAxisCompression=allowAxisCompression,Normalize=Normalize)
  File "/data/salomonis1/software/AltAnalyze/clustering.py", line 119, in heatmap
    pylab.figure() ### Add this to avoid a Tkinter bug after running MarkerFinder (not sure why it is needed) - creates a second empty window when display == True
  File "/usr/local/python/2.7.5/lib/python2.7/site-packages/matplotlib-1.3.1-py2.7-linux-x86_64.egg/matplotlib/pyplot.py", line 423, in figure
    **kwargs)
  File "/usr/local/python/2.7.5/lib/python2.7/site-packages/matplotlib-1.3.1-py2.7-linux-x86_64.egg/matplotlib/backends/backend_tkagg.py", line 79, in new_figure_manager
    return new_figure_manager_given_figure(num, figure)
  File "/usr/local/python/2.7.5/lib/python2.7/site-packages/matplotlib-1.3.1-py2.7-linux-x86_64.egg/matplotlib/backends/backend_tkagg.py", line 87, in new_figure_manager_given_figure
    window = Tk.Tk()
  File "/usr/local/python/2.7.5/lib/python2.7/lib-tk/Tkinter.py", line 1745, in __init__
    self.tk = _tkinter.create(screenName, baseName, className, interactive, wantobjects, useTk, sync, use)
TclError: no display name and no $DISPLAY environment variable

Unable to generate cluster due to dataset incompatibilty.
Importing GO-Elite pathway/GO annotations
22076 Ensembl GO/pathway annotations imported in 1 seconds
467764 exon/junction IDs stored as instances of SplicingAnnotationData in memory
0 genes not viewed as constitutive as a result of filtering exon/junction IDs based on splicing evidence, added back
Beginning to process Mm_RNASeq_SLAM_vs_IlluminaPrimer.ExpCutoff-2.0_average
240497 sequence identifiers imported out of 277899
Number of Genes with Examined Splice Events: 9593
0 exon/junction IDs excluded prior to  analysis... predicted not detected
Intensity normalization complete...
10080 genes undergoing analysis for alternative splicing/transcription
Beginning to run ASPIRE algorithm on Mm_RNASeq_SLAM_vs_IlluminaPrimer.ExpCutoff-2.0_average data
Number of exon-events analyzed: 2869
Number of exon-events excluded: 16320
filtered ASPIRE scores: 41
41 alternative events after subsequent filtering (optional)
467764 exon/junction IDs stored as instances of SplicingAnnotationData in memory
0 genes not viewed as constitutive as a result of filtering exon/junction IDs based on splicing evidence, added back
953 genes with a predicted microRNA binding site aligning to a junction IDs
467764 exon/junction IDs stored as instances of SplicingAnnotationData in memory
0 genes not viewed as constitutive as a result of filtering exon/junction IDs based on splicing evidence, added back
Permuting the Domain/miRBS analysis 2000 times
* * * * * * * * * * * * * * * * * * * Enrichment p-values for Domains/miRBS calculated in 4 seconds
467764 exon/junction IDs stored as instances of SplicingAnnotationData in memory
0 genes not viewed as constitutive as a result of filtering exon/junction IDs based on splicing evidence, added back
41 ASPIRE results written to: /data/salomonis1/projects/Grimes/SLAM_HSC/bams//AltResults/AlternativeOutput/Mm_RNASeq_SLAM_vs_IlluminaPrimer.ExpCutoff-2.0_average-ASPIRE-exon-inclusion-results.txt 

Gene-level results written
467764 exon/junction IDs stored as instances of SplicingAnnotationData in memory
0 genes not viewed as constitutive as a result of filtering exon/junction IDs based on splicing evidence, added back
Beginning to process Mm_RNASeq_SLAM_vs_IlluminaPrimer.ExpCutoff-2.0_average
240497 sequence identifiers imported out of 277899
0 exon/junction IDs excluded prior to  analysis... predicted not detected
Intensity normalization complete...
10080 genes undergoing analysis for alternative splicing/transcription
Beginning to run splicing-index algorithm on Mm_RNASeq_SLAM_vs_IlluminaPrimer.ExpCutoff-2.0_average data
Calculating splicing-index values (please be patient)... 237941 exon/junction IDs beging examined
* * * * * * * * * * * * * * * * * * * * Splicing Index analysis complete
31193 exon/junction IDs with evidence of Alternative expression
12209 genes with a predicted microRNA binding site aligning to a junction IDs
467764 exon/junction IDs stored as instances of SplicingAnnotationData in memory
0 genes not viewed as constitutive as a result of filtering exon/junction IDs based on splicing evidence, added back
Permuting the Domain/miRBS analysis 2000 times
* * * * * * * * * * * * * * * * * * * Enrichment p-values for Domains/miRBS calculated in 201 seconds
31193 splicing-index results written to: /data/salomonis1/projects/Grimes/SLAM_HSC/bams//AltResults/AlternativeOutput/Mm_RNASeq_SLAM_vs_IlluminaPrimer.ExpCutoff-2.0_average-splicing-index-exon-inclusion-results.txt 

Gene-level results written
Reading counts file
Reading counts file
Reading AltAnalyze results file
22374 regulated exon IDs imported.

writing: /data/salomonis1/projects/Grimes/SLAM_HSC/bams//AltResults/AlternativeOutput/Mm_RNASeq_SLAM_vs_IlluminaPrimer.ExpCutoff-comparison-evidence.txt
22372 exon IDs written to file.
1 alternative exon IDs imported
1 exported ID values for clustering
1 rows and 96 columns imported for AltExonConfirmed-SLAM_HSC in 0.0 seconds...
max allowed cluster size: 20000
Performing hiearchical clustering using euclidean for columns and cosine for rows
Error using cosine ... trying euclidean instead
Performing hiearchical clustering using euclidean for columns and euclidean for rows
Traceback (most recent call last):
  File "/data/salomonis1/software/AltAnalyze/clustering.py", line 1749, in runHierarchicalClustering
    contrast=contrast,allowAxisCompression=allowAxisCompression,Normalize=Normalize)
  File "/data/salomonis1/software/AltAnalyze/clustering.py", line 119, in heatmap
    pylab.figure() ### Add this to avoid a Tkinter bug after running MarkerFinder (not sure why it is needed) - creates a second empty window when display == True
  File "/usr/local/python/2.7.5/lib/python2.7/site-packages/matplotlib-1.3.1-py2.7-linux-x86_64.egg/matplotlib/pyplot.py", line 423, in figure
    **kwargs)
  File "/usr/local/python/2.7.5/lib/python2.7/site-packages/matplotlib-1.3.1-py2.7-linux-x86_64.egg/matplotlib/backends/backend_tkagg.py", line 79, in new_figure_manager
    return new_figure_manager_given_figure(num, figure)
  File "/usr/local/python/2.7.5/lib/python2.7/site-packages/matplotlib-1.3.1-py2.7-linux-x86_64.egg/matplotlib/backends/backend_tkagg.py", line 87, in new_figure_manager_given_figure
    window = Tk.Tk()
  File "/usr/local/python/2.7.5/lib/python2.7/lib-tk/Tkinter.py", line 1745, in __init__
    self.tk = _tkinter.create(screenName, baseName, className, interactive, wantobjects, useTk, sync, use)
TclError: no display name and no $DISPLAY environment variable

Unable to generate cluster due to dataset incompatibilty.
31193 alternative exon IDs imported
22063 exported ID values for clustering
Analyses finished in 4525 seconds

Beginning to run GO-Elite analysis on alternative exon results
Running GO-Elite version 1.2.6

Primary GO-Elite Parameters
	commandLineMode: yes
	species: Mm
	results-directory: /data/salomonis1/projects/Grimes/SLAM_HSC/bams/GO-Elite/AltExonConfirmed
	filter_method: z-score
	z_threshold: 1.96
	p_val_threshold: 0.05
	change_threshold: 2
	sort_only_by_zscore: yes
	analysis_method: non-UI
	criterion_input_folder: /data/salomonis1/projects/Grimes/SLAM_HSC/bams/GO-Elite/AltExonConfirmed
	custom_sets_folder: 
	enrichment_type: ORA
ORA Parameters
	mod: Ensembl
	permutations: FisherExactTest
	resources_to_analyze: all
Pruning Mm_RNASeq_SLAM_vs_IlluminaPrimer.ExpCutoff-junction-exon-evidence-RVista_TFsites.txt
0 and 0 edges in the iGraph network.
Pruning Mm_RNASeq_SLAM_vs_IlluminaPrimer.ExpCutoff-junction-exon-evidence-KEGG.txt
0 and 0 edges in the iGraph network.
Pruning Mm_RNASeq_SLAM_vs_IlluminaPrimer.ExpCutoff-junction-exon-evidence-GOSlim.txt
* * * * * * * * * * Imported GOSlim tree-structure for pruning
0 and 0 edges in the iGraph network.
Pruning Mm_RNASeq_SLAM_vs_IlluminaPrimer.ExpCutoff-junction-exon-evidence-TFTargets.txt
0 and 0 edges in the iGraph network.
Pruning Mm_RNASeq_SLAM_vs_IlluminaPrimer.ExpCutoff-junction-exon-evidence-CTDOntology.txt
* * * * * * * * * * Imported CTDOntology tree-structure for pruning
0 and 0 edges in the iGraph network.
Pruning Mm_RNASeq_SLAM_vs_IlluminaPrimer.ExpCutoff-junction-exon-evidence-MPhenoOntology.txt
* * * * * * * * * * Imported MPhenoOntology tree-structure for pruning
0 and 0 edges in the iGraph network.
Pruning Mm_RNASeq_SLAM_vs_IlluminaPrimer.ExpCutoff-junction-exon-evidence-PathwayCommons.txt
0 and 0 edges in the iGraph network.
Pruning Mm_RNASeq_SLAM_vs_IlluminaPrimer.ExpCutoff-junction-exon-evidence-BioMarkers.txt
0 and 0 edges in the iGraph network.
Pruning Mm_RNASeq_SLAM_vs_IlluminaPrimer.ExpCutoff-junction-exon-evidence-microRNATargets.txt
0 and 0 edges in the iGraph network.
Pruning Mm_RNASeq_SLAM_vs_IlluminaPrimer.ExpCutoff-junction-exon-evidence-MergedTFTargets.txt
0 and 0 edges in the iGraph network.
Pruning Mm_RNASeq_SLAM_vs_IlluminaPrimer.ExpCutoff-junction-exon-evidence-MouseImmuneCells.txt
0 and 0 edges in the iGraph network.
Pruning Mm_RNASeq_SLAM_vs_IlluminaPrimer.ExpCutoff-junction-exon-evidence-GO.txt
* * * * * * * * * * Imported GeneOntology tree-structure for pruning
0 and 0 edges in the iGraph network.
Pruning Mm_RNASeq_SLAM_vs_IlluminaPrimer.ExpCutoff-junction-exon-evidence-local.txt
0 and 0 edges in the iGraph network.
gene associations assigned
Wikipathways output in 0 seconds
Dataset name: Mm_RNASeq_SLAM_vs_IlluminaPrimer.ExpCutoff-junction-exon-evidence

0:	Reported Filtered GO-terms
0:	Reported Elite GO-terms
0:	Elite GO-terms redundant with other Elite GO-terms
0:	Reported Filtered Pathways
0:	Filtered Pathways redundant with other Filtered Pathways
0:	Number of genes associated with Filtered GO-terms
0:	Number of genes associated with Elite GO-terms
0:	Number of genes associated with Filtered Pathways
Analysis completed in 4633 seconds... Exiting GO-Elite
Running GO-Elite version 1.2.6

Primary GO-Elite Parameters
	commandLineMode: yes
	species: Mm
	results-directory: /data/salomonis1/projects/Grimes/SLAM_HSC/bams/GO-Elite/AltExon
	filter_method: z-score
	z_threshold: 1.96
	p_val_threshold: 0.05
	change_threshold: 2
	sort_only_by_zscore: yes
	analysis_method: non-UI
	criterion_input_folder: /data/salomonis1/projects/Grimes/SLAM_HSC/bams/GO-Elite/AltExon
	custom_sets_folder: 
	enrichment_type: ORA
ORA Parameters
	mod: Ensembl
	permutations: FisherExactTest
	resources_to_analyze: all
Pruning AS.Mm_RNASeq_SLAM_vs_IlluminaPrimer.ExpCutoff-2.0_average-ASPIRE-RVista_TFsites.txt
22 and 61 edges in the iGraph network.
Traceback (most recent call last):
  File "/data/salomonis1/software/AltAnalyze/clustering.py", line 2521, in buildGraphFromSIF
    output_filename = iGraphSimple(sif_filename,fold_db,pathway_name)
  File "/data/salomonis1/software/AltAnalyze/clustering.py", line 2532, in iGraphSimple
    output_filename = iGraphDraw(edges,pathway_name,filePath=sif_filename,display=True,graph_layout='spring',colorDB=id_color_db)
  File "/data/salomonis1/software/AltAnalyze/clustering.py", line 2550, in iGraphDraw
    import igraph
ImportError: No module named igraph

Copying GO-Elite results to DomainGraph folder...
Pruning AS.Mm_RNASeq_SLAM_vs_IlluminaPrimer.ExpCutoff-2.0_average-splicing-index-RVista_TFsites.txt
AS.Mm_RNASeq_SLAM_vs_IlluminaPrimer.ExpCutoff-2.0_average-splicing-index-RVista_TFsites.sif too large to visualize...
Copying GO-Elite results to DomainGraph folder...
Pruning AS.Mm_RNASeq_SLAM_vs_IlluminaPrimer.ExpCutoff-2.0_average-splicing-index-KEGG.txt
AS.Mm_RNASeq_SLAM_vs_IlluminaPrimer.ExpCutoff-2.0_average-splicing-index-KEGG.sif too large to visualize...
Copying GO-Elite results to DomainGraph folder...
Pruning AS.Mm_RNASeq_SLAM_vs_IlluminaPrimer.ExpCutoff-2.0_average-ASPIRE-KEGG.txt
18 and 19 edges in the iGraph network.
Traceback (most recent call last):
  File "/data/salomonis1/software/AltAnalyze/clustering.py", line 2521, in buildGraphFromSIF
    output_filename = iGraphSimple(sif_filename,fold_db,pathway_name)
  File "/data/salomonis1/software/AltAnalyze/clustering.py", line 2532, in iGraphSimple
    output_filename = iGraphDraw(edges,pathway_name,filePath=sif_filename,display=True,graph_layout='spring',colorDB=id_color_db)
  File "/data/salomonis1/software/AltAnalyze/clustering.py", line 2550, in iGraphDraw
    import igraph
ImportError: No module named igraph

Copying GO-Elite results to DomainGraph folder...
Pruning AS.Mm_RNASeq_SLAM_vs_IlluminaPrimer.ExpCutoff-2.0_average-splicing-index-GOSlim.txt
* * * * * * * * * * Imported GOSlim tree-structure for pruning
AS.Mm_RNASeq_SLAM_vs_IlluminaPrimer.ExpCutoff-2.0_average-splicing-index-GOSlim.sif too large to visualize...
Pruning AS.Mm_RNASeq_SLAM_vs_IlluminaPrimer.ExpCutoff-2.0_average-ASPIRE-GOSlim.txt
24 and 33 edges in the iGraph network.
Traceback (most recent call last):
  File "/data/salomonis1/software/AltAnalyze/clustering.py", line 2521, in buildGraphFromSIF
    output_filename = iGraphSimple(sif_filename,fold_db,pathway_name)
  File "/data/salomonis1/software/AltAnalyze/clustering.py", line 2532, in iGraphSimple
    output_filename = iGraphDraw(edges,pathway_name,filePath=sif_filename,display=True,graph_layout='spring',colorDB=id_color_db)
  File "/data/salomonis1/software/AltAnalyze/clustering.py", line 2550, in iGraphDraw
    import igraph
ImportError: No module named igraph

Pruning AS.Mm_RNASeq_SLAM_vs_IlluminaPrimer.ExpCutoff-2.0_average-ASPIRE-TFTargets.txt
5 and 4 edges in the iGraph network.
Traceback (most recent call last):
  File "/data/salomonis1/software/AltAnalyze/clustering.py", line 2521, in buildGraphFromSIF
    output_filename = iGraphSimple(sif_filename,fold_db,pathway_name)
  File "/data/salomonis1/software/AltAnalyze/clustering.py", line 2532, in iGraphSimple
    output_filename = iGraphDraw(edges,pathway_name,filePath=sif_filename,display=True,graph_layout='spring',colorDB=id_color_db)
  File "/data/salomonis1/software/AltAnalyze/clustering.py", line 2550, in iGraphDraw
    import igraph
ImportError: No module named igraph

Copying GO-Elite results to DomainGraph folder...
Pruning AS.Mm_RNASeq_SLAM_vs_IlluminaPrimer.ExpCutoff-2.0_average-splicing-index-TFTargets.txt
AS.Mm_RNASeq_SLAM_vs_IlluminaPrimer.ExpCutoff-2.0_average-splicing-index-TFTargets.sif too large to visualize...
Copying GO-Elite results to DomainGraph folder...
Pruning AS.Mm_RNASeq_SLAM_vs_IlluminaPrimer.ExpCutoff-2.0_average-splicing-index-CTDOntology.txt
* * * * * * * * * * Imported CTDOntology tree-structure for pruning
114 and 132 edges in the iGraph network.
Traceback (most recent call last):
  File "/data/salomonis1/software/AltAnalyze/clustering.py", line 2521, in buildGraphFromSIF
    output_filename = iGraphSimple(sif_filename,fold_db,pathway_name)
  File "/data/salomonis1/software/AltAnalyze/clustering.py", line 2532, in iGraphSimple
    output_filename = iGraphDraw(edges,pathway_name,filePath=sif_filename,display=True,graph_layout='spring',colorDB=id_color_db)
  File "/data/salomonis1/software/AltAnalyze/clustering.py", line 2550, in iGraphDraw
    import igraph
ImportError: No module named igraph

Pruning AS.Mm_RNASeq_SLAM_vs_IlluminaPrimer.ExpCutoff-2.0_average-ASPIRE-CTDOntology.txt
0 and 0 edges in the iGraph network.
Pruning AS.Mm_RNASeq_SLAM_vs_IlluminaPrimer.ExpCutoff-2.0_average-splicing-index-MPhenoOntology.txt
* * * * * * * * * * Imported MPhenoOntology tree-structure for pruning
AS.Mm_RNASeq_SLAM_vs_IlluminaPrimer.ExpCutoff-2.0_average-splicing-index-MPhenoOntology.sif too large to visualize...
Pruning AS.Mm_RNASeq_SLAM_vs_IlluminaPrimer.ExpCutoff-2.0_average-ASPIRE-MPhenoOntology.txt
9 and 8 edges in the iGraph network.
Traceback (most recent call last):
  File "/data/salomonis1/software/AltAnalyze/clustering.py", line 2521, in buildGraphFromSIF
    output_filename = iGraphSimple(sif_filename,fold_db,pathway_name)
  File "/data/salomonis1/software/AltAnalyze/clustering.py", line 2532, in iGraphSimple
    output_filename = iGraphDraw(edges,pathway_name,filePath=sif_filename,display=True,graph_layout='spring',colorDB=id_color_db)
  File "/data/salomonis1/software/AltAnalyze/clustering.py", line 2550, in iGraphDraw
    import igraph
ImportError: No module named igraph

Pruning AS.Mm_RNASeq_SLAM_vs_IlluminaPrimer.ExpCutoff-2.0_average-ASPIRE-PathwayCommons.txt
15 and 29 edges in the iGraph network.
Traceback (most recent call last):
  File "/data/salomonis1/software/AltAnalyze/clustering.py", line 2521, in buildGraphFromSIF
    output_filename = iGraphSimple(sif_filename,fold_db,pathway_name)
  File "/data/salomonis1/software/AltAnalyze/clustering.py", line 2532, in iGraphSimple
    output_filename = iGraphDraw(edges,pathway_name,filePath=sif_filename,display=True,graph_layout='spring',colorDB=id_color_db)
  File "/data/salomonis1/software/AltAnalyze/clustering.py", line 2550, in iGraphDraw
    import igraph
ImportError: No module named igraph

Copying GO-Elite results to DomainGraph folder...
Pruning AS.Mm_RNASeq_SLAM_vs_IlluminaPrimer.ExpCutoff-2.0_average-splicing-index-PathwayCommons.txt
AS.Mm_RNASeq_SLAM_vs_IlluminaPrimer.ExpCutoff-2.0_average-splicing-index-PathwayCommons.sif too large to visualize...
Copying GO-Elite results to DomainGraph folder...
Pruning AS.Mm_RNASeq_SLAM_vs_IlluminaPrimer.ExpCutoff-2.0_average-splicing-index-BioMarkers.txt
166 and 166 edges in the iGraph network.
Traceback (most recent call last):
  File "/data/salomonis1/software/AltAnalyze/clustering.py", line 2521, in buildGraphFromSIF
    output_filename = iGraphSimple(sif_filename,fold_db,pathway_name)
  File "/data/salomonis1/software/AltAnalyze/clustering.py", line 2532, in iGraphSimple
    output_filename = iGraphDraw(edges,pathway_name,filePath=sif_filename,display=True,graph_layout='spring',colorDB=id_color_db)
  File "/data/salomonis1/software/AltAnalyze/clustering.py", line 2550, in iGraphDraw
    import igraph
ImportError: No module named igraph

Copying GO-Elite results to DomainGraph folder...
Pruning AS.Mm_RNASeq_SLAM_vs_IlluminaPrimer.ExpCutoff-2.0_average-ASPIRE-BioMarkers.txt
0 and 0 edges in the iGraph network.
Copying GO-Elite results to DomainGraph folder...
Pruning AS.Mm_RNASeq_SLAM_vs_IlluminaPrimer.ExpCutoff-2.0_average-ASPIRE-microRNATargets.txt
33 and 88 edges in the iGraph network.
Traceback (most recent call last):
  File "/data/salomonis1/software/AltAnalyze/clustering.py", line 2521, in buildGraphFromSIF
    output_filename = iGraphSimple(sif_filename,fold_db,pathway_name)
  File "/data/salomonis1/software/AltAnalyze/clustering.py", line 2532, in iGraphSimple
    output_filename = iGraphDraw(edges,pathway_name,filePath=sif_filename,display=True,graph_layout='spring',colorDB=id_color_db)
  File "/data/salomonis1/software/AltAnalyze/clustering.py", line 2550, in iGraphDraw
    import igraph
ImportError: No module named igraph

Copying GO-Elite results to DomainGraph folder...
Pruning AS.Mm_RNASeq_SLAM_vs_IlluminaPrimer.ExpCutoff-2.0_average-splicing-index-microRNATargets.txt
AS.Mm_RNASeq_SLAM_vs_IlluminaPrimer.ExpCutoff-2.0_average-splicing-index-microRNATargets.sif too large to visualize...
Copying GO-Elite results to DomainGraph folder...
Pruning AS.Mm_RNASeq_SLAM_vs_IlluminaPrimer.ExpCutoff-2.0_average-splicing-index-MergedTFTargets.txt
AS.Mm_RNASeq_SLAM_vs_IlluminaPrimer.ExpCutoff-2.0_average-splicing-index-MergedTFTargets.sif too large to visualize...
Copying GO-Elite results to DomainGraph folder...
Pruning AS.Mm_RNASeq_SLAM_vs_IlluminaPrimer.ExpCutoff-2.0_average-ASPIRE-MergedTFTargets.txt
5 and 4 edges in the iGraph network.
Traceback (most recent call last):
  File "/data/salomonis1/software/AltAnalyze/clustering.py", line 2521, in buildGraphFromSIF
    output_filename = iGraphSimple(sif_filename,fold_db,pathway_name)
  File "/data/salomonis1/software/AltAnalyze/clustering.py", line 2532, in iGraphSimple
    output_filename = iGraphDraw(edges,pathway_name,filePath=sif_filename,display=True,graph_layout='spring',colorDB=id_color_db)
  File "/data/salomonis1/software/AltAnalyze/clustering.py", line 2550, in iGraphDraw
    import igraph
ImportError: No module named igraph

Copying GO-Elite results to DomainGraph folder...
Pruning AS.Mm_RNASeq_SLAM_vs_IlluminaPrimer.ExpCutoff-2.0_average-ASPIRE-MouseImmuneCells.txt
0 and 0 edges in the iGraph network.
Copying GO-Elite results to DomainGraph folder...
Pruning AS.Mm_RNASeq_SLAM_vs_IlluminaPrimer.ExpCutoff-2.0_average-splicing-index-MouseImmuneCells.txt
112 and 163 edges in the iGraph network.
Traceback (most recent call last):
  File "/data/salomonis1/software/AltAnalyze/clustering.py", line 2521, in buildGraphFromSIF
    output_filename = iGraphSimple(sif_filename,fold_db,pathway_name)
  File "/data/salomonis1/software/AltAnalyze/clustering.py", line 2532, in iGraphSimple
    output_filename = iGraphDraw(edges,pathway_name,filePath=sif_filename,display=True,graph_layout='spring',colorDB=id_color_db)
  File "/data/salomonis1/software/AltAnalyze/clustering.py", line 2550, in iGraphDraw
    import igraph
ImportError: No module named igraph

Copying GO-Elite results to DomainGraph folder...
Pruning AS.Mm_RNASeq_SLAM_vs_IlluminaPrimer.ExpCutoff-2.0_average-splicing-index-GO.txt
* * * * * * * * * * Imported GeneOntology tree-structure for pruning
AS.Mm_RNASeq_SLAM_vs_IlluminaPrimer.ExpCutoff-2.0_average-splicing-index-GO.sif too large to visualize...
Pruning AS.Mm_RNASeq_SLAM_vs_IlluminaPrimer.ExpCutoff-2.0_average-ASPIRE-GO.txt
47 and 137 edges in the iGraph network.
Traceback (most recent call last):
  File "/data/salomonis1/software/AltAnalyze/clustering.py", line 2521, in buildGraphFromSIF
    output_filename = iGraphSimple(sif_filename,fold_db,pathway_name)
  File "/data/salomonis1/software/AltAnalyze/clustering.py", line 2532, in iGraphSimple
    output_filename = iGraphDraw(edges,pathway_name,filePath=sif_filename,display=True,graph_layout='spring',colorDB=id_color_db)
  File "/data/salomonis1/software/AltAnalyze/clustering.py", line 2550, in iGraphDraw
    import igraph
ImportError: No module named igraph

Pruning AS.Mm_RNASeq_SLAM_vs_IlluminaPrimer.ExpCutoff-2.0_average-ASPIRE-local.txt
0 and 0 edges in the iGraph network.
Copying GO-Elite results to DomainGraph folder...
Pruning AS.Mm_RNASeq_SLAM_vs_IlluminaPrimer.ExpCutoff-2.0_average-splicing-index-local.txt
AS.Mm_RNASeq_SLAM_vs_IlluminaPrimer.ExpCutoff-2.0_average-splicing-index-local.sif too large to visualize...
Copying GO-Elite results to DomainGraph folder...
gene associations assigned
60 rows and 2 columns imported for Clustering-Zscores-RVista_TFsites in 0.0 seconds...
max allowed cluster size: 7000
Performing hiearchical clustering using cosine for columns and cosine for rows
Error using cosine ... trying euclidean instead
Performing hiearchical clustering using cosine for columns and euclidean for rows
Traceback (most recent call last):
  File "/data/salomonis1/software/AltAnalyze/clustering.py", line 1749, in runHierarchicalClustering
    contrast=contrast,allowAxisCompression=allowAxisCompression,Normalize=Normalize)
  File "/data/salomonis1/software/AltAnalyze/clustering.py", line 119, in heatmap
    pylab.figure() ### Add this to avoid a Tkinter bug after running MarkerFinder (not sure why it is needed) - creates a second empty window when display == True
  File "/usr/local/python/2.7.5/lib/python2.7/site-packages/matplotlib-1.3.1-py2.7-linux-x86_64.egg/matplotlib/pyplot.py", line 423, in figure
    **kwargs)
  File "/usr/local/python/2.7.5/lib/python2.7/site-packages/matplotlib-1.3.1-py2.7-linux-x86_64.egg/matplotlib/backends/backend_tkagg.py", line 79, in new_figure_manager
    return new_figure_manager_given_figure(num, figure)
  File "/usr/local/python/2.7.5/lib/python2.7/site-packages/matplotlib-1.3.1-py2.7-linux-x86_64.egg/matplotlib/backends/backend_tkagg.py", line 87, in new_figure_manager_given_figure
    window = Tk.Tk()
  File "/usr/local/python/2.7.5/lib/python2.7/lib-tk/Tkinter.py", line 1745, in __init__
    self.tk = _tkinter.create(screenName, baseName, className, interactive, wantobjects, useTk, sync, use)
TclError: no display name and no $DISPLAY environment variable

Unable to generate cluster due to dataset incompatibilty.
54 rows and 2 columns imported for Clustering-Zscores-KEGG in 0.0 seconds...
max allowed cluster size: 7000
Performing hiearchical clustering using cosine for columns and cosine for rows
Error using cosine ... trying euclidean instead
Performing hiearchical clustering using cosine for columns and euclidean for rows
Traceback (most recent call last):
  File "/data/salomonis1/software/AltAnalyze/clustering.py", line 1749, in runHierarchicalClustering
    contrast=contrast,allowAxisCompression=allowAxisCompression,Normalize=Normalize)
  File "/data/salomonis1/software/AltAnalyze/clustering.py", line 119, in heatmap
    pylab.figure() ### Add this to avoid a Tkinter bug after running MarkerFinder (not sure why it is needed) - creates a second empty window when display == True
  File "/usr/local/python/2.7.5/lib/python2.7/site-packages/matplotlib-1.3.1-py2.7-linux-x86_64.egg/matplotlib/pyplot.py", line 423, in figure
    **kwargs)
  File "/usr/local/python/2.7.5/lib/python2.7/site-packages/matplotlib-1.3.1-py2.7-linux-x86_64.egg/matplotlib/backends/backend_tkagg.py", line 79, in new_figure_manager
    return new_figure_manager_given_figure(num, figure)
  File "/usr/local/python/2.7.5/lib/python2.7/site-packages/matplotlib-1.3.1-py2.7-linux-x86_64.egg/matplotlib/backends/backend_tkagg.py", line 87, in new_figure_manager_given_figure
    window = Tk.Tk()
  File "/usr/local/python/2.7.5/lib/python2.7/lib-tk/Tkinter.py", line 1745, in __init__
    self.tk = _tkinter.create(screenName, baseName, className, interactive, wantobjects, useTk, sync, use)
TclError: no display name and no $DISPLAY environment variable

Unable to generate cluster due to dataset incompatibilty.
22 rows and 2 columns imported for Clustering-Zscores-GOSlim in 0.0 seconds...
max allowed cluster size: 7000
Performing hiearchical clustering using cosine for columns and cosine for rows
Error using cosine ... trying euclidean instead
Performing hiearchical clustering using cosine for columns and euclidean for rows
Traceback (most recent call last):
  File "/data/salomonis1/software/AltAnalyze/clustering.py", line 1749, in runHierarchicalClustering
    contrast=contrast,allowAxisCompression=allowAxisCompression,Normalize=Normalize)
  File "/data/salomonis1/software/AltAnalyze/clustering.py", line 119, in heatmap
    pylab.figure() ### Add this to avoid a Tkinter bug after running MarkerFinder (not sure why it is needed) - creates a second empty window when display == True
  File "/usr/local/python/2.7.5/lib/python2.7/site-packages/matplotlib-1.3.1-py2.7-linux-x86_64.egg/matplotlib/pyplot.py", line 423, in figure
    **kwargs)
  File "/usr/local/python/2.7.5/lib/python2.7/site-packages/matplotlib-1.3.1-py2.7-linux-x86_64.egg/matplotlib/backends/backend_tkagg.py", line 79, in new_figure_manager
    return new_figure_manager_given_figure(num, figure)
  File "/usr/local/python/2.7.5/lib/python2.7/site-packages/matplotlib-1.3.1-py2.7-linux-x86_64.egg/matplotlib/backends/backend_tkagg.py", line 87, in new_figure_manager_given_figure
    window = Tk.Tk()
  File "/usr/local/python/2.7.5/lib/python2.7/lib-tk/Tkinter.py", line 1745, in __init__
    self.tk = _tkinter.create(screenName, baseName, className, interactive, wantobjects, useTk, sync, use)
TclError: no display name and no $DISPLAY environment variable

Unable to generate cluster due to dataset incompatibilty.
18 rows and 2 columns imported for Clustering-Zscores-TFTargets in 0.0 seconds...
max allowed cluster size: 7000
Performing hiearchical clustering using cosine for columns and cosine for rows
Error using cosine ... trying euclidean instead
Performing hiearchical clustering using cosine for columns and euclidean for rows
Traceback (most recent call last):
  File "/data/salomonis1/software/AltAnalyze/clustering.py", line 1749, in runHierarchicalClustering
    contrast=contrast,allowAxisCompression=allowAxisCompression,Normalize=Normalize)
  File "/data/salomonis1/software/AltAnalyze/clustering.py", line 119, in heatmap
    pylab.figure() ### Add this to avoid a Tkinter bug after running MarkerFinder (not sure why it is needed) - creates a second empty window when display == True
  File "/usr/local/python/2.7.5/lib/python2.7/site-packages/matplotlib-1.3.1-py2.7-linux-x86_64.egg/matplotlib/pyplot.py", line 423, in figure
    **kwargs)
  File "/usr/local/python/2.7.5/lib/python2.7/site-packages/matplotlib-1.3.1-py2.7-linux-x86_64.egg/matplotlib/backends/backend_tkagg.py", line 79, in new_figure_manager
    return new_figure_manager_given_figure(num, figure)
  File "/usr/local/python/2.7.5/lib/python2.7/site-packages/matplotlib-1.3.1-py2.7-linux-x86_64.egg/matplotlib/backends/backend_tkagg.py", line 87, in new_figure_manager_given_figure
    window = Tk.Tk()
  File "/usr/local/python/2.7.5/lib/python2.7/lib-tk/Tkinter.py", line 1745, in __init__
    self.tk = _tkinter.create(screenName, baseName, className, interactive, wantobjects, useTk, sync, use)
TclError: no display name and no $DISPLAY environment variable

Unable to generate cluster due to dataset incompatibilty.
16 rows and 2 columns imported for Clustering-Zscores-CTDOntology in 0.0 seconds...
max allowed cluster size: 7000
Performing hiearchical clustering using cosine for columns and cosine for rows
Error using cosine ... trying euclidean instead
Performing hiearchical clustering using cosine for columns and euclidean for rows
Traceback (most recent call last):
  File "/data/salomonis1/software/AltAnalyze/clustering.py", line 1749, in runHierarchicalClustering
    contrast=contrast,allowAxisCompression=allowAxisCompression,Normalize=Normalize)
  File "/data/salomonis1/software/AltAnalyze/clustering.py", line 119, in heatmap
    pylab.figure() ### Add this to avoid a Tkinter bug after running MarkerFinder (not sure why it is needed) - creates a second empty window when display == True
  File "/usr/local/python/2.7.5/lib/python2.7/site-packages/matplotlib-1.3.1-py2.7-linux-x86_64.egg/matplotlib/pyplot.py", line 423, in figure
    **kwargs)
  File "/usr/local/python/2.7.5/lib/python2.7/site-packages/matplotlib-1.3.1-py2.7-linux-x86_64.egg/matplotlib/backends/backend_tkagg.py", line 79, in new_figure_manager
    return new_figure_manager_given_figure(num, figure)
  File "/usr/local/python/2.7.5/lib/python2.7/site-packages/matplotlib-1.3.1-py2.7-linux-x86_64.egg/matplotlib/backends/backend_tkagg.py", line 87, in new_figure_manager_given_figure
    window = Tk.Tk()
  File "/usr/local/python/2.7.5/lib/python2.7/lib-tk/Tkinter.py", line 1745, in __init__
    self.tk = _tkinter.create(screenName, baseName, className, interactive, wantobjects, useTk, sync, use)
TclError: no display name and no $DISPLAY environment variable

Unable to generate cluster due to dataset incompatibilty.
8 rows and 2 columns imported for Clustering-Zscores-MPhenoOntology in 0.0 seconds...
max allowed cluster size: 7000
Performing hiearchical clustering using cosine for columns and cosine for rows
Error using cosine ... trying euclidean instead
Performing hiearchical clustering using cosine for columns and euclidean for rows
Traceback (most recent call last):
  File "/data/salomonis1/software/AltAnalyze/clustering.py", line 1749, in runHierarchicalClustering
    contrast=contrast,allowAxisCompression=allowAxisCompression,Normalize=Normalize)
  File "/data/salomonis1/software/AltAnalyze/clustering.py", line 119, in heatmap
    pylab.figure() ### Add this to avoid a Tkinter bug after running MarkerFinder (not sure why it is needed) - creates a second empty window when display == True
  File "/usr/local/python/2.7.5/lib/python2.7/site-packages/matplotlib-1.3.1-py2.7-linux-x86_64.egg/matplotlib/pyplot.py", line 423, in figure
    **kwargs)
  File "/usr/local/python/2.7.5/lib/python2.7/site-packages/matplotlib-1.3.1-py2.7-linux-x86_64.egg/matplotlib/backends/backend_tkagg.py", line 79, in new_figure_manager
    return new_figure_manager_given_figure(num, figure)
  File "/usr/local/python/2.7.5/lib/python2.7/site-packages/matplotlib-1.3.1-py2.7-linux-x86_64.egg/matplotlib/backends/backend_tkagg.py", line 87, in new_figure_manager_given_figure
    window = Tk.Tk()
  File "/usr/local/python/2.7.5/lib/python2.7/lib-tk/Tkinter.py", line 1745, in __init__
    self.tk = _tkinter.create(screenName, baseName, className, interactive, wantobjects, useTk, sync, use)
TclError: no display name and no $DISPLAY environment variable

Unable to generate cluster due to dataset incompatibilty.
16 rows and 2 columns imported for Clustering-Zscores-MouseImmuneCells in 0.0 seconds...
max allowed cluster size: 7000
Performing hiearchical clustering using cosine for columns and cosine for rows
Error using cosine ... trying euclidean instead
Performing hiearchical clustering using cosine for columns and euclidean for rows
Traceback (most recent call last):
  File "/data/salomonis1/software/AltAnalyze/clustering.py", line 1749, in runHierarchicalClustering
    contrast=contrast,allowAxisCompression=allowAxisCompression,Normalize=Normalize)
  File "/data/salomonis1/software/AltAnalyze/clustering.py", line 119, in heatmap
    pylab.figure() ### Add this to avoid a Tkinter bug after running MarkerFinder (not sure why it is needed) - creates a second empty window when display == True
  File "/usr/local/python/2.7.5/lib/python2.7/site-packages/matplotlib-1.3.1-py2.7-linux-x86_64.egg/matplotlib/pyplot.py", line 423, in figure
    **kwargs)
  File "/usr/local/python/2.7.5/lib/python2.7/site-packages/matplotlib-1.3.1-py2.7-linux-x86_64.egg/matplotlib/backends/backend_tkagg.py", line 79, in new_figure_manager
    return new_figure_manager_given_figure(num, figure)
  File "/usr/local/python/2.7.5/lib/python2.7/site-packages/matplotlib-1.3.1-py2.7-linux-x86_64.egg/matplotlib/backends/backend_tkagg.py", line 87, in new_figure_manager_given_figure
    window = Tk.Tk()
  File "/usr/local/python/2.7.5/lib/python2.7/lib-tk/Tkinter.py", line 1745, in __init__
    self.tk = _tkinter.create(screenName, baseName, className, interactive, wantobjects, useTk, sync, use)
TclError: no display name and no $DISPLAY environment variable

Unable to generate cluster due to dataset incompatibilty.
60 rows and 2 columns imported for Clustering-Zscores-PathwayCommons in 0.0 seconds...
max allowed cluster size: 7000
Performing hiearchical clustering using cosine for columns and cosine for rows
Error using cosine ... trying euclidean instead
Performing hiearchical clustering using cosine for columns and euclidean for rows
Traceback (most recent call last):
  File "/data/salomonis1/software/AltAnalyze/clustering.py", line 1749, in runHierarchicalClustering
    contrast=contrast,allowAxisCompression=allowAxisCompression,Normalize=Normalize)
  File "/data/salomonis1/software/AltAnalyze/clustering.py", line 119, in heatmap
    pylab.figure() ### Add this to avoid a Tkinter bug after running MarkerFinder (not sure why it is needed) - creates a second empty window when display == True
  File "/usr/local/python/2.7.5/lib/python2.7/site-packages/matplotlib-1.3.1-py2.7-linux-x86_64.egg/matplotlib/pyplot.py", line 423, in figure
    **kwargs)
  File "/usr/local/python/2.7.5/lib/python2.7/site-packages/matplotlib-1.3.1-py2.7-linux-x86_64.egg/matplotlib/backends/backend_tkagg.py", line 79, in new_figure_manager
    return new_figure_manager_given_figure(num, figure)
  File "/usr/local/python/2.7.5/lib/python2.7/site-packages/matplotlib-1.3.1-py2.7-linux-x86_64.egg/matplotlib/backends/backend_tkagg.py", line 87, in new_figure_manager_given_figure
    window = Tk.Tk()
  File "/usr/local/python/2.7.5/lib/python2.7/lib-tk/Tkinter.py", line 1745, in __init__
    self.tk = _tkinter.create(screenName, baseName, className, interactive, wantobjects, useTk, sync, use)
TclError: no display name and no $DISPLAY environment variable

Unable to generate cluster due to dataset incompatibilty.
15 rows and 2 columns imported for Clustering-Zscores-BioMarkers in 0.0 seconds...
max allowed cluster size: 7000
Performing hiearchical clustering using cosine for columns and cosine for rows
Error using cosine ... trying euclidean instead
Performing hiearchical clustering using cosine for columns and euclidean for rows
Traceback (most recent call last):
  File "/data/salomonis1/software/AltAnalyze/clustering.py", line 1749, in runHierarchicalClustering
    contrast=contrast,allowAxisCompression=allowAxisCompression,Normalize=Normalize)
  File "/data/salomonis1/software/AltAnalyze/clustering.py", line 119, in heatmap
    pylab.figure() ### Add this to avoid a Tkinter bug after running MarkerFinder (not sure why it is needed) - creates a second empty window when display == True
  File "/usr/local/python/2.7.5/lib/python2.7/site-packages/matplotlib-1.3.1-py2.7-linux-x86_64.egg/matplotlib/pyplot.py", line 423, in figure
    **kwargs)
  File "/usr/local/python/2.7.5/lib/python2.7/site-packages/matplotlib-1.3.1-py2.7-linux-x86_64.egg/matplotlib/backends/backend_tkagg.py", line 79, in new_figure_manager
    return new_figure_manager_given_figure(num, figure)
  File "/usr/local/python/2.7.5/lib/python2.7/site-packages/matplotlib-1.3.1-py2.7-linux-x86_64.egg/matplotlib/backends/backend_tkagg.py", line 87, in new_figure_manager_given_figure
    window = Tk.Tk()
  File "/usr/local/python/2.7.5/lib/python2.7/lib-tk/Tkinter.py", line 1745, in __init__
    self.tk = _tkinter.create(screenName, baseName, className, interactive, wantobjects, useTk, sync, use)
TclError: no display name and no $DISPLAY environment variable

Unable to generate cluster due to dataset incompatibilty.
60 rows and 2 columns imported for Clustering-Zscores-microRNATargets in 0.0 seconds...
max allowed cluster size: 7000
Performing hiearchical clustering using cosine for columns and cosine for rows
Error using cosine ... trying euclidean instead
Performing hiearchical clustering using cosine for columns and euclidean for rows
Traceback (most recent call last):
  File "/data/salomonis1/software/AltAnalyze/clustering.py", line 1749, in runHierarchicalClustering
    contrast=contrast,allowAxisCompression=allowAxisCompression,Normalize=Normalize)
  File "/data/salomonis1/software/AltAnalyze/clustering.py", line 119, in heatmap
    pylab.figure() ### Add this to avoid a Tkinter bug after running MarkerFinder (not sure why it is needed) - creates a second empty window when display == True
  File "/usr/local/python/2.7.5/lib/python2.7/site-packages/matplotlib-1.3.1-py2.7-linux-x86_64.egg/matplotlib/pyplot.py", line 423, in figure
    **kwargs)
  File "/usr/local/python/2.7.5/lib/python2.7/site-packages/matplotlib-1.3.1-py2.7-linux-x86_64.egg/matplotlib/backends/backend_tkagg.py", line 79, in new_figure_manager
    return new_figure_manager_given_figure(num, figure)
  File "/usr/local/python/2.7.5/lib/python2.7/site-packages/matplotlib-1.3.1-py2.7-linux-x86_64.egg/matplotlib/backends/backend_tkagg.py", line 87, in new_figure_manager_given_figure
    window = Tk.Tk()
  File "/usr/local/python/2.7.5/lib/python2.7/lib-tk/Tkinter.py", line 1745, in __init__
    self.tk = _tkinter.create(screenName, baseName, className, interactive, wantobjects, useTk, sync, use)
TclError: no display name and no $DISPLAY environment variable

Unable to generate cluster due to dataset incompatibilty.
60 rows and 2 columns imported for Clustering-Zscores-GeneOntology in 0.0 seconds...
max allowed cluster size: 7000
Performing hiearchical clustering using cosine for columns and cosine for rows
Error using cosine ... trying euclidean instead
Performing hiearchical clustering using cosine for columns and euclidean for rows
Traceback (most recent call last):
  File "/data/salomonis1/software/AltAnalyze/clustering.py", line 1749, in runHierarchicalClustering
    contrast=contrast,allowAxisCompression=allowAxisCompression,Normalize=Normalize)
  File "/data/salomonis1/software/AltAnalyze/clustering.py", line 119, in heatmap
    pylab.figure() ### Add this to avoid a Tkinter bug after running MarkerFinder (not sure why it is needed) - creates a second empty window when display == True
  File "/usr/local/python/2.7.5/lib/python2.7/site-packages/matplotlib-1.3.1-py2.7-linux-x86_64.egg/matplotlib/pyplot.py", line 423, in figure
    **kwargs)
  File "/usr/local/python/2.7.5/lib/python2.7/site-packages/matplotlib-1.3.1-py2.7-linux-x86_64.egg/matplotlib/backends/backend_tkagg.py", line 79, in new_figure_manager
    return new_figure_manager_given_figure(num, figure)
  File "/usr/local/python/2.7.5/lib/python2.7/site-packages/matplotlib-1.3.1-py2.7-linux-x86_64.egg/matplotlib/backends/backend_tkagg.py", line 87, in new_figure_manager_given_figure
    window = Tk.Tk()
  File "/usr/local/python/2.7.5/lib/python2.7/lib-tk/Tkinter.py", line 1745, in __init__
    self.tk = _tkinter.create(screenName, baseName, className, interactive, wantobjects, useTk, sync, use)
TclError: no display name and no $DISPLAY environment variable

Unable to generate cluster due to dataset incompatibilty.
8 rows and 2 columns imported for Clustering-Zscores-MergedTFTargets in 0.0 seconds...
max allowed cluster size: 7000
Performing hiearchical clustering using cosine for columns and cosine for rows
Error using cosine ... trying euclidean instead
Performing hiearchical clustering using cosine for columns and euclidean for rows
Traceback (most recent call last):
  File "/data/salomonis1/software/AltAnalyze/clustering.py", line 1749, in runHierarchicalClustering
    contrast=contrast,allowAxisCompression=allowAxisCompression,Normalize=Normalize)
  File "/data/salomonis1/software/AltAnalyze/clustering.py", line 119, in heatmap
    pylab.figure() ### Add this to avoid a Tkinter bug after running MarkerFinder (not sure why it is needed) - creates a second empty window when display == True
  File "/usr/local/python/2.7.5/lib/python2.7/site-packages/matplotlib-1.3.1-py2.7-linux-x86_64.egg/matplotlib/pyplot.py", line 423, in figure
    **kwargs)
  File "/usr/local/python/2.7.5/lib/python2.7/site-packages/matplotlib-1.3.1-py2.7-linux-x86_64.egg/matplotlib/backends/backend_tkagg.py", line 79, in new_figure_manager
    return new_figure_manager_given_figure(num, figure)
  File "/usr/local/python/2.7.5/lib/python2.7/site-packages/matplotlib-1.3.1-py2.7-linux-x86_64.egg/matplotlib/backends/backend_tkagg.py", line 87, in new_figure_manager_given_figure
    window = Tk.Tk()
  File "/usr/local/python/2.7.5/lib/python2.7/lib-tk/Tkinter.py", line 1745, in __init__
    self.tk = _tkinter.create(screenName, baseName, className, interactive, wantobjects, useTk, sync, use)
TclError: no display name and no $DISPLAY environment variable

Unable to generate cluster due to dataset incompatibilty.
23 rows and 2 columns imported for Clustering-Zscores-WikiPathways in 0.0 seconds...
max allowed cluster size: 7000
Performing hiearchical clustering using cosine for columns and cosine for rows
Error using cosine ... trying euclidean instead
Performing hiearchical clustering using cosine for columns and euclidean for rows
Traceback (most recent call last):
  File "/data/salomonis1/software/AltAnalyze/clustering.py", line 1749, in runHierarchicalClustering
    contrast=contrast,allowAxisCompression=allowAxisCompression,Normalize=Normalize)
  File "/data/salomonis1/software/AltAnalyze/clustering.py", line 119, in heatmap
    pylab.figure() ### Add this to avoid a Tkinter bug after running MarkerFinder (not sure why it is needed) - creates a second empty window when display == True
  File "/usr/local/python/2.7.5/lib/python2.7/site-packages/matplotlib-1.3.1-py2.7-linux-x86_64.egg/matplotlib/pyplot.py", line 423, in figure
    **kwargs)
  File "/usr/local/python/2.7.5/lib/python2.7/site-packages/matplotlib-1.3.1-py2.7-linux-x86_64.egg/matplotlib/backends/backend_tkagg.py", line 79, in new_figure_manager
    return new_figure_manager_given_figure(num, figure)
  File "/usr/local/python/2.7.5/lib/python2.7/site-packages/matplotlib-1.3.1-py2.7-linux-x86_64.egg/matplotlib/backends/backend_tkagg.py", line 87, in new_figure_manager_given_figure
    window = Tk.Tk()
  File "/usr/local/python/2.7.5/lib/python2.7/lib-tk/Tkinter.py", line 1745, in __init__
    self.tk = _tkinter.create(screenName, baseName, className, interactive, wantobjects, useTk, sync, use)
TclError: no display name and no $DISPLAY environment variable

Unable to generate cluster due to dataset incompatibilty.
Clustering of overlapping-results_z-score complete (see "GO-Elite_results/Heatmaps" directory)
Wikipathways output in 0 seconds
Dataset name: AS.Mm_RNASeq_SLAM_vs_IlluminaPrimer.ExpCutoff-2.0_average-splicing-index

60:	Reported Filtered GO-terms
26:	Reported Elite GO-terms
19:	Elite GO-terms redundant with other Elite GO-terms
23:	Reported Filtered Pathways
3:	Filtered Pathways redundant with other Filtered Pathways
2324:	Number of genes associated with Filtered GO-terms
21:	Number of genes associated with Elite GO-terms
536:	Number of genes associated with Filtered Pathways
Analysis completed in 4960 seconds... Exiting GO-Elite
Running GO-Elite version 1.2.6

Primary GO-Elite Parameters
	commandLineMode: yes
	species: Mm
	results-directory: /data/salomonis1/projects/Grimes/SLAM_HSC/bams/GO-Elite/regulated
	filter_method: z-score
	z_threshold: 1.96
	p_val_threshold: 0.05
	change_threshold: 2
	sort_only_by_zscore: yes
	analysis_method: non-UI
	criterion_input_folder: /data/salomonis1/projects/Grimes/SLAM_HSC/bams/GO-Elite/regulated
	custom_sets_folder: 
	enrichment_type: ORA
ORA Parameters
	mod: Ensembl
	permutations: FisherExactTest
	resources_to_analyze: all
Pruning GE.SLAM_vs_IlluminaPrimer-fold2.0_rawp0.05-RVista_TFsites.txt
GE.SLAM_vs_IlluminaPrimer-fold2.0_rawp0.05-RVista_TFsites.sif too large to visualize...
Pruning GE.SLAM_vs_IlluminaPrimer-fold2.0_rawp0.05-MPhenoOntology.txt
* * * * * * * * * * Imported MPhenoOntology tree-structure for pruning
GE.SLAM_vs_IlluminaPrimer-fold2.0_rawp0.05-MPhenoOntology.sif too large to visualize...
Pruning GE.SLAM_vs_IlluminaPrimer-fold2.0_rawp0.05-GOSlim.txt
* * * * * * * * * * Imported GOSlim tree-structure for pruning
GE.SLAM_vs_IlluminaPrimer-fold2.0_rawp0.05-GOSlim.sif too large to visualize...
Pruning GE.SLAM_vs_IlluminaPrimer-fold2.0_rawp0.05-TFTargets.txt
301 and 322 edges in the iGraph network.
Traceback (most recent call last):
  File "/data/salomonis1/software/AltAnalyze/clustering.py", line 2521, in buildGraphFromSIF
    output_filename = iGraphSimple(sif_filename,fold_db,pathway_name)
  File "/data/salomonis1/software/AltAnalyze/clustering.py", line 2532, in iGraphSimple
    output_filename = iGraphDraw(edges,pathway_name,filePath=sif_filename,display=True,graph_layout='spring',colorDB=id_color_db)
  File "/data/salomonis1/software/AltAnalyze/clustering.py", line 2550, in iGraphDraw
    import igraph
ImportError: No module named igraph

Pruning GE.SLAM_vs_IlluminaPrimer-fold2.0_rawp0.05-CTDOntology.txt
* * * * * * * * * * Imported CTDOntology tree-structure for pruning
67 and 121 edges in the iGraph network.
Traceback (most recent call last):
  File "/data/salomonis1/software/AltAnalyze/clustering.py", line 2521, in buildGraphFromSIF
    output_filename = iGraphSimple(sif_filename,fold_db,pathway_name)
  File "/data/salomonis1/software/AltAnalyze/clustering.py", line 2532, in iGraphSimple
    output_filename = iGraphDraw(edges,pathway_name,filePath=sif_filename,display=True,graph_layout='spring',colorDB=id_color_db)
  File "/data/salomonis1/software/AltAnalyze/clustering.py", line 2550, in iGraphDraw
    import igraph
ImportError: No module named igraph

Pruning GE.SLAM_vs_IlluminaPrimer-fold2.0_rawp0.05-KEGG.txt
270 and 499 edges in the iGraph network.
Traceback (most recent call last):
  File "/data/salomonis1/software/AltAnalyze/clustering.py", line 2521, in buildGraphFromSIF
    output_filename = iGraphSimple(sif_filename,fold_db,pathway_name)
  File "/data/salomonis1/software/AltAnalyze/clustering.py", line 2532, in iGraphSimple
    output_filename = iGraphDraw(edges,pathway_name,filePath=sif_filename,display=True,graph_layout='spring',colorDB=id_color_db)
  File "/data/salomonis1/software/AltAnalyze/clustering.py", line 2550, in iGraphDraw
    import igraph
ImportError: No module named igraph

Pruning GE.SLAM_vs_IlluminaPrimer-fold2.0_rawp0.05-PathwayCommons.txt
GE.SLAM_vs_IlluminaPrimer-fold2.0_rawp0.05-PathwayCommons.sif too large to visualize...
Pruning GE.SLAM_vs_IlluminaPrimer-fold2.0_rawp0.05-BioMarkers.txt
62 and 52 edges in the iGraph network.
Traceback (most recent call last):
  File "/data/salomonis1/software/AltAnalyze/clustering.py", line 2521, in buildGraphFromSIF
    output_filename = iGraphSimple(sif_filename,fold_db,pathway_name)
  File "/data/salomonis1/software/AltAnalyze/clustering.py", line 2532, in iGraphSimple
    output_filename = iGraphDraw(edges,pathway_name,filePath=sif_filename,display=True,graph_layout='spring',colorDB=id_color_db)
  File "/data/salomonis1/software/AltAnalyze/clustering.py", line 2550, in iGraphDraw
    import igraph
ImportError: No module named igraph

Pruning GE.SLAM_vs_IlluminaPrimer-fold2.0_rawp0.05-microRNATargets.txt
GE.SLAM_vs_IlluminaPrimer-fold2.0_rawp0.05-microRNATargets.sif too large to visualize...
Pruning GE.SLAM_vs_IlluminaPrimer-fold2.0_rawp0.05-MergedTFTargets.txt
160 and 167 edges in the iGraph network.
Traceback (most recent call last):
  File "/data/salomonis1/software/AltAnalyze/clustering.py", line 2521, in buildGraphFromSIF
    output_filename = iGraphSimple(sif_filename,fold_db,pathway_name)
  File "/data/salomonis1/software/AltAnalyze/clustering.py", line 2532, in iGraphSimple
    output_filename = iGraphDraw(edges,pathway_name,filePath=sif_filename,display=True,graph_layout='spring',colorDB=id_color_db)
  File "/data/salomonis1/software/AltAnalyze/clustering.py", line 2550, in iGraphDraw
    import igraph
ImportError: No module named igraph

Pruning GE.SLAM_vs_IlluminaPrimer-fold2.0_rawp0.05-MouseImmuneCells.txt
42 and 60 edges in the iGraph network.
Traceback (most recent call last):
  File "/data/salomonis1/software/AltAnalyze/clustering.py", line 2521, in buildGraphFromSIF
    output_filename = iGraphSimple(sif_filename,fold_db,pathway_name)
  File "/data/salomonis1/software/AltAnalyze/clustering.py", line 2532, in iGraphSimple
    output_filename = iGraphDraw(edges,pathway_name,filePath=sif_filename,display=True,graph_layout='spring',colorDB=id_color_db)
  File "/data/salomonis1/software/AltAnalyze/clustering.py", line 2550, in iGraphDraw
    import igraph
ImportError: No module named igraph

Pruning GE.SLAM_vs_IlluminaPrimer-fold2.0_rawp0.05-GO.txt
* * * * * * * * * * Imported GeneOntology tree-structure for pruning
GE.SLAM_vs_IlluminaPrimer-fold2.0_rawp0.05-GO.sif too large to visualize...
Pruning GE.SLAM_vs_IlluminaPrimer-fold2.0_rawp0.05-local.txt
160 and 253 edges in the iGraph network.
Traceback (most recent call last):
  File "/data/salomonis1/software/AltAnalyze/clustering.py", line 2521, in buildGraphFromSIF
    output_filename = iGraphSimple(sif_filename,fold_db,pathway_name)
  File "/data/salomonis1/software/AltAnalyze/clustering.py", line 2532, in iGraphSimple
    output_filename = iGraphDraw(edges,pathway_name,filePath=sif_filename,display=True,graph_layout='spring',colorDB=id_color_db)
  File "/data/salomonis1/software/AltAnalyze/clustering.py", line 2550, in iGraphDraw
    import igraph
ImportError: No module named igraph

gene associations assigned
Wikipathways output in 0 seconds
Dataset name: GE.SLAM_vs_IlluminaPrimer-fold2.0_rawp0.05

730:	Reported Filtered GO-terms
139:	Reported Elite GO-terms
83:	Elite GO-terms redundant with other Elite GO-terms
21:	Reported Filtered Pathways
6:	Filtered Pathways redundant with other Filtered Pathways
797:	Number of genes associated with Filtered GO-terms
780:	Number of genes associated with Elite GO-terms
139:	Number of genes associated with Filtered Pathways
Analysis completed in 5093 seconds... Exiting GO-Elite
Running GO-Elite version 1.2.6

Primary GO-Elite Parameters
	commandLineMode: yes
	species: Mm
	results-directory: /data/salomonis1/projects/Grimes/SLAM_HSC/bams/GO-Elite/upregulated
	filter_method: z-score
	z_threshold: 1.96
	p_val_threshold: 0.05
	change_threshold: 2
	sort_only_by_zscore: yes
	analysis_method: non-UI
	criterion_input_folder: /data/salomonis1/projects/Grimes/SLAM_HSC/bams/GO-Elite/upregulated
	custom_sets_folder: 
	enrichment_type: ORA
ORA Parameters
	mod: Ensembl
	permutations: FisherExactTest
	resources_to_analyze: all
Pruning GE.SLAM_vs_IlluminaPrimer-upregulated-fold2.0_rawp0.05-RVista_TFsites.txt
52 and 80 edges in the iGraph network.
Traceback (most recent call last):
  File "/data/salomonis1/software/AltAnalyze/clustering.py", line 2521, in buildGraphFromSIF
    output_filename = iGraphSimple(sif_filename,fold_db,pathway_name)
  File "/data/salomonis1/software/AltAnalyze/clustering.py", line 2532, in iGraphSimple
    output_filename = iGraphDraw(edges,pathway_name,filePath=sif_filename,display=True,graph_layout='spring',colorDB=id_color_db)
  File "/data/salomonis1/software/AltAnalyze/clustering.py", line 2550, in iGraphDraw
    import igraph
ImportError: No module named igraph

Pruning GE.SLAM_vs_IlluminaPrimer-upregulated-fold2.0_rawp0.05-MPhenoOntology.txt
* * * * * * * * * * Imported MPhenoOntology tree-structure for pruning
135 and 401 edges in the iGraph network.
Traceback (most recent call last):
  File "/data/salomonis1/software/AltAnalyze/clustering.py", line 2521, in buildGraphFromSIF
    output_filename = iGraphSimple(sif_filename,fold_db,pathway_name)
  File "/data/salomonis1/software/AltAnalyze/clustering.py", line 2532, in iGraphSimple
    output_filename = iGraphDraw(edges,pathway_name,filePath=sif_filename,display=True,graph_layout='spring',colorDB=id_color_db)
  File "/data/salomonis1/software/AltAnalyze/clustering.py", line 2550, in iGraphDraw
    import igraph
ImportError: No module named igraph

Pruning GE.SLAM_vs_IlluminaPrimer-upregulated-fold2.0_rawp0.05-GOSlim.txt
* * * * * * * * * * Imported GOSlim tree-structure for pruning
GE.SLAM_vs_IlluminaPrimer-upregulated-fold2.0_rawp0.05-GOSlim.sif too large to visualize...
Pruning GE.SLAM_vs_IlluminaPrimer-upregulated-fold2.0_rawp0.05-TFTargets.txt
166 and 174 edges in the iGraph network.
Traceback (most recent call last):
  File "/data/salomonis1/software/AltAnalyze/clustering.py", line 2521, in buildGraphFromSIF
    output_filename = iGraphSimple(sif_filename,fold_db,pathway_name)
  File "/data/salomonis1/software/AltAnalyze/clustering.py", line 2532, in iGraphSimple
    output_filename = iGraphDraw(edges,pathway_name,filePath=sif_filename,display=True,graph_layout='spring',colorDB=id_color_db)
  File "/data/salomonis1/software/AltAnalyze/clustering.py", line 2550, in iGraphDraw
    import igraph
ImportError: No module named igraph

Pruning GE.SLAM_vs_IlluminaPrimer-upregulated-fold2.0_rawp0.05-CTDOntology.txt
* * * * * * * * * * Imported CTDOntology tree-structure for pruning
38 and 57 edges in the iGraph network.
Traceback (most recent call last):
  File "/data/salomonis1/software/AltAnalyze/clustering.py", line 2521, in buildGraphFromSIF
    output_filename = iGraphSimple(sif_filename,fold_db,pathway_name)
  File "/data/salomonis1/software/AltAnalyze/clustering.py", line 2532, in iGraphSimple
    output_filename = iGraphDraw(edges,pathway_name,filePath=sif_filename,display=True,graph_layout='spring',colorDB=id_color_db)
  File "/data/salomonis1/software/AltAnalyze/clustering.py", line 2550, in iGraphDraw
    import igraph
ImportError: No module named igraph

Pruning GE.SLAM_vs_IlluminaPrimer-upregulated-fold2.0_rawp0.05-KEGG.txt
159 and 253 edges in the iGraph network.
Traceback (most recent call last):
  File "/data/salomonis1/software/AltAnalyze/clustering.py", line 2521, in buildGraphFromSIF
    output_filename = iGraphSimple(sif_filename,fold_db,pathway_name)
  File "/data/salomonis1/software/AltAnalyze/clustering.py", line 2532, in iGraphSimple
    output_filename = iGraphDraw(edges,pathway_name,filePath=sif_filename,display=True,graph_layout='spring',colorDB=id_color_db)
  File "/data/salomonis1/software/AltAnalyze/clustering.py", line 2550, in iGraphDraw
    import igraph
ImportError: No module named igraph

Pruning GE.SLAM_vs_IlluminaPrimer-upregulated-fold2.0_rawp0.05-PathwayCommons.txt
GE.SLAM_vs_IlluminaPrimer-upregulated-fold2.0_rawp0.05-PathwayCommons.sif too large to visualize...
Pruning GE.SLAM_vs_IlluminaPrimer-upregulated-fold2.0_rawp0.05-BioMarkers.txt
33 and 26 edges in the iGraph network.
Traceback (most recent call last):
  File "/data/salomonis1/software/AltAnalyze/clustering.py", line 2521, in buildGraphFromSIF
    output_filename = iGraphSimple(sif_filename,fold_db,pathway_name)
  File "/data/salomonis1/software/AltAnalyze/clustering.py", line 2532, in iGraphSimple
    output_filename = iGraphDraw(edges,pathway_name,filePath=sif_filename,display=True,graph_layout='spring',colorDB=id_color_db)
  File "/data/salomonis1/software/AltAnalyze/clustering.py", line 2550, in iGraphDraw
    import igraph
ImportError: No module named igraph

Pruning GE.SLAM_vs_IlluminaPrimer-upregulated-fold2.0_rawp0.05-microRNATargets.txt
GE.SLAM_vs_IlluminaPrimer-upregulated-fold2.0_rawp0.05-microRNATargets.sif too large to visualize...
Pruning GE.SLAM_vs_IlluminaPrimer-upregulated-fold2.0_rawp0.05-MergedTFTargets.txt
97 and 100 edges in the iGraph network.
Traceback (most recent call last):
  File "/data/salomonis1/software/AltAnalyze/clustering.py", line 2521, in buildGraphFromSIF
    output_filename = iGraphSimple(sif_filename,fold_db,pathway_name)
  File "/data/salomonis1/software/AltAnalyze/clustering.py", line 2532, in iGraphSimple
    output_filename = iGraphDraw(edges,pathway_name,filePath=sif_filename,display=True,graph_layout='spring',colorDB=id_color_db)
  File "/data/salomonis1/software/AltAnalyze/clustering.py", line 2550, in iGraphDraw
    import igraph
ImportError: No module named igraph

Pruning GE.SLAM_vs_IlluminaPrimer-upregulated-fold2.0_rawp0.05-MouseImmuneCells.txt
32 and 42 edges in the iGraph network.
Traceback (most recent call last):
  File "/data/salomonis1/software/AltAnalyze/clustering.py", line 2521, in buildGraphFromSIF
    output_filename = iGraphSimple(sif_filename,fold_db,pathway_name)
  File "/data/salomonis1/software/AltAnalyze/clustering.py", line 2532, in iGraphSimple
    output_filename = iGraphDraw(edges,pathway_name,filePath=sif_filename,display=True,graph_layout='spring',colorDB=id_color_db)
  File "/data/salomonis1/software/AltAnalyze/clustering.py", line 2550, in iGraphDraw
    import igraph
ImportError: No module named igraph

Pruning GE.SLAM_vs_IlluminaPrimer-upregulated-fold2.0_rawp0.05-GO.txt
* * * * * * * * * * Imported GeneOntology tree-structure for pruning
GE.SLAM_vs_IlluminaPrimer-upregulated-fold2.0_rawp0.05-GO.sif too large to visualize...
Pruning GE.SLAM_vs_IlluminaPrimer-upregulated-fold2.0_rawp0.05-local.txt
80 and 97 edges in the iGraph network.
Traceback (most recent call last):
  File "/data/salomonis1/software/AltAnalyze/clustering.py", line 2521, in buildGraphFromSIF
    output_filename = iGraphSimple(sif_filename,fold_db,pathway_name)
  File "/data/salomonis1/software/AltAnalyze/clustering.py", line 2532, in iGraphSimple
    output_filename = iGraphDraw(edges,pathway_name,filePath=sif_filename,display=True,graph_layout='spring',colorDB=id_color_db)
  File "/data/salomonis1/software/AltAnalyze/clustering.py", line 2550, in iGraphDraw
    import igraph
ImportError: No module named igraph

gene associations assigned
Wikipathways output in 0 seconds
Dataset name: GE.SLAM_vs_IlluminaPrimer-upregulated-fold2.0_rawp0.05

479:	Reported Filtered GO-terms
119:	Reported Elite GO-terms
62:	Elite GO-terms redundant with other Elite GO-terms
11:	Reported Filtered Pathways
3:	Filtered Pathways redundant with other Filtered Pathways
395:	Number of genes associated with Filtered GO-terms
380:	Number of genes associated with Elite GO-terms
69:	Number of genes associated with Filtered Pathways
Analysis completed in 5198 seconds... Exiting GO-Elite
Running GO-Elite version 1.2.6

Primary GO-Elite Parameters
	commandLineMode: yes
	species: Mm
	results-directory: /data/salomonis1/projects/Grimes/SLAM_HSC/bams/GO-Elite/downregulated
	filter_method: z-score
	z_threshold: 1.96
	p_val_threshold: 0.05
	change_threshold: 2
	sort_only_by_zscore: yes
	analysis_method: non-UI
	criterion_input_folder: /data/salomonis1/projects/Grimes/SLAM_HSC/bams/GO-Elite/downregulated
	custom_sets_folder: 
	enrichment_type: ORA
ORA Parameters
	mod: Ensembl
	permutations: FisherExactTest
	resources_to_analyze: all
Pruning GE.SLAM_vs_IlluminaPrimer-downregulated-fold2.0_rawp0.05-RVista_TFsites.txt
GE.SLAM_vs_IlluminaPrimer-downregulated-fold2.0_rawp0.05-RVista_TFsites.sif too large to visualize...
Pruning GE.SLAM_vs_IlluminaPrimer-downregulated-fold2.0_rawp0.05-KEGG.txt
121 and 208 edges in the iGraph network.
Traceback (most recent call last):
  File "/data/salomonis1/software/AltAnalyze/clustering.py", line 2521, in buildGraphFromSIF
    output_filename = iGraphSimple(sif_filename,fold_db,pathway_name)
  File "/data/salomonis1/software/AltAnalyze/clustering.py", line 2532, in iGraphSimple
    output_filename = iGraphDraw(edges,pathway_name,filePath=sif_filename,display=True,graph_layout='spring',colorDB=id_color_db)
  File "/data/salomonis1/software/AltAnalyze/clustering.py", line 2550, in iGraphDraw
    import igraph
ImportError: No module named igraph

Pruning GE.SLAM_vs_IlluminaPrimer-downregulated-fold2.0_rawp0.05-GOSlim.txt
* * * * * * * * * * Imported GOSlim tree-structure for pruning
GE.SLAM_vs_IlluminaPrimer-downregulated-fold2.0_rawp0.05-GOSlim.sif too large to visualize...
Pruning GE.SLAM_vs_IlluminaPrimer-downregulated-fold2.0_rawp0.05-TFTargets.txt
107 and 113 edges in the iGraph network.
Traceback (most recent call last):
  File "/data/salomonis1/software/AltAnalyze/clustering.py", line 2521, in buildGraphFromSIF
    output_filename = iGraphSimple(sif_filename,fold_db,pathway_name)
  File "/data/salomonis1/software/AltAnalyze/clustering.py", line 2532, in iGraphSimple
    output_filename = iGraphDraw(edges,pathway_name,filePath=sif_filename,display=True,graph_layout='spring',colorDB=id_color_db)
  File "/data/salomonis1/software/AltAnalyze/clustering.py", line 2550, in iGraphDraw
    import igraph
ImportError: No module named igraph

Pruning GE.SLAM_vs_IlluminaPrimer-downregulated-fold2.0_rawp0.05-CTDOntology.txt
* * * * * * * * * * Imported CTDOntology tree-structure for pruning
29 and 38 edges in the iGraph network.
Traceback (most recent call last):
  File "/data/salomonis1/software/AltAnalyze/clustering.py", line 2521, in buildGraphFromSIF
    output_filename = iGraphSimple(sif_filename,fold_db,pathway_name)
  File "/data/salomonis1/software/AltAnalyze/clustering.py", line 2532, in iGraphSimple
    output_filename = iGraphDraw(edges,pathway_name,filePath=sif_filename,display=True,graph_layout='spring',colorDB=id_color_db)
  File "/data/salomonis1/software/AltAnalyze/clustering.py", line 2550, in iGraphDraw
    import igraph
ImportError: No module named igraph

Pruning GE.SLAM_vs_IlluminaPrimer-downregulated-fold2.0_rawp0.05-MPhenoOntology.txt
* * * * * * * * * * Imported MPhenoOntology tree-structure for pruning
163 and 591 edges in the iGraph network.
Traceback (most recent call last):
  File "/data/salomonis1/software/AltAnalyze/clustering.py", line 2521, in buildGraphFromSIF
    output_filename = iGraphSimple(sif_filename,fold_db,pathway_name)
  File "/data/salomonis1/software/AltAnalyze/clustering.py", line 2532, in iGraphSimple
    output_filename = iGraphDraw(edges,pathway_name,filePath=sif_filename,display=True,graph_layout='spring',colorDB=id_color_db)
  File "/data/salomonis1/software/AltAnalyze/clustering.py", line 2550, in iGraphDraw
    import igraph
ImportError: No module named igraph

Pruning GE.SLAM_vs_IlluminaPrimer-downregulated-fold2.0_rawp0.05-PathwayCommons.txt
GE.SLAM_vs_IlluminaPrimer-downregulated-fold2.0_rawp0.05-PathwayCommons.sif too large to visualize...
Pruning GE.SLAM_vs_IlluminaPrimer-downregulated-fold2.0_rawp0.05-BioMarkers.txt
30 and 23 edges in the iGraph network.
Traceback (most recent call last):
  File "/data/salomonis1/software/AltAnalyze/clustering.py", line 2521, in buildGraphFromSIF
    output_filename = iGraphSimple(sif_filename,fold_db,pathway_name)
  File "/data/salomonis1/software/AltAnalyze/clustering.py", line 2532, in iGraphSimple
    output_filename = iGraphDraw(edges,pathway_name,filePath=sif_filename,display=True,graph_layout='spring',colorDB=id_color_db)
  File "/data/salomonis1/software/AltAnalyze/clustering.py", line 2550, in iGraphDraw
    import igraph
ImportError: No module named igraph

Pruning GE.SLAM_vs_IlluminaPrimer-downregulated-fold2.0_rawp0.05-microRNATargets.txt
GE.SLAM_vs_IlluminaPrimer-downregulated-fold2.0_rawp0.05-microRNATargets.sif too large to visualize...
Pruning GE.SLAM_vs_IlluminaPrimer-downregulated-fold2.0_rawp0.05-MergedTFTargets.txt
65 and 65 edges in the iGraph network.
Traceback (most recent call last):
  File "/data/salomonis1/software/AltAnalyze/clustering.py", line 2521, in buildGraphFromSIF
    output_filename = iGraphSimple(sif_filename,fold_db,pathway_name)
  File "/data/salomonis1/software/AltAnalyze/clustering.py", line 2532, in iGraphSimple
    output_filename = iGraphDraw(edges,pathway_name,filePath=sif_filename,display=True,graph_layout='spring',colorDB=id_color_db)
  File "/data/salomonis1/software/AltAnalyze/clustering.py", line 2550, in iGraphDraw
    import igraph
ImportError: No module named igraph

Pruning GE.SLAM_vs_IlluminaPrimer-downregulated-fold2.0_rawp0.05-MouseImmuneCells.txt
17 and 18 edges in the iGraph network.
Traceback (most recent call last):
  File "/data/salomonis1/software/AltAnalyze/clustering.py", line 2521, in buildGraphFromSIF
    output_filename = iGraphSimple(sif_filename,fold_db,pathway_name)
  File "/data/salomonis1/software/AltAnalyze/clustering.py", line 2532, in iGraphSimple
    output_filename = iGraphDraw(edges,pathway_name,filePath=sif_filename,display=True,graph_layout='spring',colorDB=id_color_db)
  File "/data/salomonis1/software/AltAnalyze/clustering.py", line 2550, in iGraphDraw
    import igraph
ImportError: No module named igraph

Pruning GE.SLAM_vs_IlluminaPrimer-downregulated-fold2.0_rawp0.05-GO.txt
* * * * * * * * * * Imported GeneOntology tree-structure for pruning
GE.SLAM_vs_IlluminaPrimer-downregulated-fold2.0_rawp0.05-GO.sif too large to visualize...
Pruning GE.SLAM_vs_IlluminaPrimer-downregulated-fold2.0_rawp0.05-local.txt
106 and 176 edges in the iGraph network.
Traceback (most recent call last):
  File "/data/salomonis1/software/AltAnalyze/clustering.py", line 2521, in buildGraphFromSIF
    output_filename = iGraphSimple(sif_filename,fold_db,pathway_name)
  File "/data/salomonis1/software/AltAnalyze/clustering.py", line 2532, in iGraphSimple
    output_filename = iGraphDraw(edges,pathway_name,filePath=sif_filename,display=True,graph_layout='spring',colorDB=id_color_db)
  File "/data/salomonis1/software/AltAnalyze/clustering.py", line 2550, in iGraphDraw
    import igraph
ImportError: No module named igraph

gene associations assigned
Wikipathways output in 0 seconds
Dataset name: GE.SLAM_vs_IlluminaPrimer-downregulated-fold2.0_rawp0.05

423:	Reported Filtered GO-terms
111:	Reported Elite GO-terms
76:	Elite GO-terms redundant with other Elite GO-terms
18:	Reported Filtered Pathways
2:	Filtered Pathways redundant with other Filtered Pathways
392:	Number of genes associated with Filtered GO-terms
375:	Number of genes associated with Elite GO-terms
88:	Number of genes associated with Filtered Pathways
Analysis completed in 5315 seconds... Exiting GO-Elite


PS:

Read file </data/salomonis1/software/AltAnalyze/logs/216983.err> for stderr output of this job.

