Sender: LSF System <srv-lsf@bmi-460g6-07>
Subject: Job 257668: <#BSUB -L /bin/bash;#BSUB -W 48:00;#BSUB -n 32;#BSUB -R "span[ptile=4]";#BSUB -M 16000;#BSUB -e /data/salomonis1/software/AltAnalyze/logs/%J.err;#BSUB -o /data/salomonis1/software/AltAnalyze/logs/%J.out; module load python/2.7.5; python /data/salomonis1/software/AltAnalyze/AltAnalyze.py --bedDir /data/salomonis1/projects/Grimes/Grimes_AML/bams --output /data/salomonis1/projects/Grimes/Grimes_AML/bams --platform RNASeq --species Mm --expname patient2> Exited

Job <#BSUB -L /bin/bash;#BSUB -W 48:00;#BSUB -n 32;#BSUB -R "span[ptile=4]";#BSUB -M 16000;#BSUB -e /data/salomonis1/software/AltAnalyze/logs/%J.err;#BSUB -o /data/salomonis1/software/AltAnalyze/logs/%J.out; module load python/2.7.5; python /data/salomonis1/software/AltAnalyze/AltAnalyze.py --bedDir /data/salomonis1/projects/Grimes/Grimes_AML/bams --output /data/salomonis1/projects/Grimes/Grimes_AML/bams --platform RNASeq --species Mm --expname patient2> was submitted from host <bmiclusterp1> by user <kuln3v> in cluster <BMICluster>.
Job was executed on host(s) <4*bmi-460g6-07>, in queue <normal>, as user <kuln3v> in cluster <BMICluster>.
                            <4*bmi-460g6-09>
                            <4*bmi-460g7-02>
                            <4*bmi-460g7-03>
                            <4*bmi-460g6-35>
                            <4*bmi-460g6-04>
                            <4*bmi-460g6-20>
                            <4*bmi-460g6-21>
Execution home directory was not known.
</data/salomonis1/projects/Grimes/Grimes_AML/bams> was used as the working directory.
Started at Fri Sep 11 15:10:34 2015
Results reported at Fri Sep 11 15:10:45 2015
Cannot open your job file: 1441998253.257668
TERM_OWNER: job killed by owner.
Exited with exit code 2.

Resource usage summary:

    CPU time   :     78.60 sec.
    Max Memory :         8 MB
    Max Swap   :       408 MB

    Max Processes  :         4
    Max Threads    :         4


PS:

Unable to read output data from the stdout buffer file <1441998253.257668.out>: your job was probably aborted prematurely.
Unable to read stderr data from stderr buffer file; your job was probably aborted prematurely.

