Sender: LSF System <srv-lsf@bmi-460g7-03>
Subject: Job 257680: <#BSUB -L /bin/bash;#BSUB -W 48:00;#BSUB -n 16;#BSUB -R "span[ptile=4]";#BSUB -M 32000;#BSUB -e /data/salomonis1/software/AltAnalyze/logs/%J.err;#BSUB -o /data/salomonis1/software/AltAnalyze/logs/%J.out; module load python/2.7.5; python /data/salomonis1/software/AltAnalyze/AltAnalyze.py --bedDir /users/saljh8/salomonis1/projects/Grimes/Grimes_AML/bams --output /users/saljh8/salomonis1/projects/Grimes/Grimes_AML/bams --platform RNASeq --species Mm --expname patient2> Done

Job <#BSUB -L /bin/bash;#BSUB -W 48:00;#BSUB -n 16;#BSUB -R "span[ptile=4]";#BSUB -M 32000;#BSUB -e /data/salomonis1/software/AltAnalyze/logs/%J.err;#BSUB -o /data/salomonis1/software/AltAnalyze/logs/%J.out; module load python/2.7.5; python /data/salomonis1/software/AltAnalyze/AltAnalyze.py --bedDir /users/saljh8/salomonis1/projects/Grimes/Grimes_AML/bams --output /users/saljh8/salomonis1/projects/Grimes/Grimes_AML/bams --platform RNASeq --species Mm --expname patient2> was submitted from host <bmiclusterp1> by user <saljh8> in cluster <BMICluster>.
Job was executed on host(s) <4*bmi-460g7-03>, in queue <normal>, as user <saljh8> in cluster <BMICluster>.
                            <4*bmi-460g6-35>
                            <4*bmi-460g6-07>
                            <4*bmi-460g6-04>
</users/saljh8> was used as the home directory.
</users/saljh8/salomonis1/projects/Grimes/Grimes_AML/bams> was used as the working directory.
Started at Fri Sep 11 15:35:21 2015
Results reported at Fri Sep 11 15:35:50 2015

Your job looked like:

------------------------------------------------------------
# LSBATCH: User input
#BSUB -L /bin/bash
#BSUB -W 48:00
#BSUB -n 16
#BSUB -R "span[ptile=4]"
#BSUB -M 32000
#BSUB -e /data/salomonis1/software/AltAnalyze/logs/%J.err
#BSUB -o /data/salomonis1/software/AltAnalyze/logs/%J.out

module load python/2.7.5

python /data/salomonis1/software/AltAnalyze/AltAnalyze.py --bedDir /users/saljh8/salomonis1/projects/Grimes/Grimes_AML/bams --output /users/saljh8/salomonis1/projects/Grimes/Grimes_AML/bams --platform RNASeq --species Mm --expname patient2


------------------------------------------------------------

Successfully completed.

Resource usage summary:

    CPU time   :      3.40 sec.
    Max Memory :        17 MB
    Max Swap   :       444 MB

    Max Processes  :         4
    Max Threads    :         4

The output (if any) follows:

Running commandline options

Arguments input: ['/data/salomonis1/software/AltAnalyze/AltAnalyze.py', '--bedDir', '/users/saljh8/salomonis1/projects/Grimes/Grimes_AML/bams', '--output', '/users/saljh8/salomonis1/projects/Grimes/Grimes_AML/bams', '--platform', 'RNASeq', '--species', 'Mm', '--expname', 'patient2'] 

Traceback (most recent call last):
  File "/data/salomonis1/software/AltAnalyze/AltAnalyze.py", line 7399, in runCommandLineVersion
    commandLineRun()
  File "/data/salomonis1/software/AltAnalyze/AltAnalyze.py", line 7298, in commandLineRun
    files_exported = UI.predictGroupsAndComps(cel_files,output_dir,exp_name)
  File "/data/salomonis1/software/AltAnalyze/UI.py", line 3547, in predictGroupsAndComps
    fn2=output_dir+'/ExpressionInput/comps.'+exp_name+'.txt'; cdata = export.ExportFile(fn2)
  File "/data/salomonis1/software/AltAnalyze/export.py", line 65, in ExportFile
    try: file_var = createExportFile(filename,dir)
  File "/data/salomonis1/software/AltAnalyze/export.py", line 133, in createExportFile
    file_var = open(fn,mode)
IOError: [Errno 5] Input/output error: '/users/saljh8/salomonis1/projects/Grimes/Grimes_AML/bams/ExpressionInput/comps.patient2.txt'



PS:

Read file </data/salomonis1/software/AltAnalyze/logs/257680.err> for stderr output of this job.

