Sender: LSF System <srv-lsf@bmi-460g7-03>
Subject: Job 257892: <#BSUB -L /bin/bash;#BSUB -W 48:00;#BSUB -n 16;#BSUB -R "span[ptile=4]";#BSUB -M 32000;#BSUB -e /data/salomonis1/software/AltAnalyze/logs/%J.err;#BSUB -o /data/salomonis1/software/AltAnalyze/logs/%J.out; module load python/2.7.5; python /data/salomonis1/software/AltAnalyze/AltAnalyze.py --bedDir /users/saljh8/salomonis1/projects/Grimes/Grimes_AML/bams --output /users/saljh8/salomonis1/projects/Grimes/Grimes_AML/bams --platform RNASeq --species Hs --expname patient2> Exited

Job <#BSUB -L /bin/bash;#BSUB -W 48:00;#BSUB -n 16;#BSUB -R "span[ptile=4]";#BSUB -M 32000;#BSUB -e /data/salomonis1/software/AltAnalyze/logs/%J.err;#BSUB -o /data/salomonis1/software/AltAnalyze/logs/%J.out; module load python/2.7.5; python /data/salomonis1/software/AltAnalyze/AltAnalyze.py --bedDir /users/saljh8/salomonis1/projects/Grimes/Grimes_AML/bams --output /users/saljh8/salomonis1/projects/Grimes/Grimes_AML/bams --platform RNASeq --species Hs --expname patient2> was submitted from host <bmiclusterp1> by user <saljh8> in cluster <BMICluster>.
Job was executed on host(s) <4*bmi-460g7-03>, in queue <normal>, as user <saljh8> in cluster <BMICluster>.
                            <4*bmi-460g6-28>
                            <4*bmi-460g6-24>
                            <4*bmi-460g6-33>
Execution home directory was not known.
</users/saljh8/salomonis1/projects/Grimes/Grimes_AML/bams> was used as the working directory.
Started at Fri Sep 11 16:31:37 2015
Results reported at Fri Sep 11 16:31:44 2015
Cannot open your job file: 1442003494.257892
TERM_OWNER: job killed by owner.
Exited with exit code 2.

Resource usage summary:

    CPU time   :      0.00 sec.
    Max Memory :         2 MB
    Max Swap   :       396 MB

    Max Processes  :         4
    Max Threads    :         4


PS:

Unable to read output data from the stdout buffer file <1442003494.257892.out>: your job was probably aborted prematurely.
Unable to read stderr data from stderr buffer file; your job was probably aborted prematurely.

