Sender: LSF System <srv-lsf@bmi-460g6-04>
Subject: Job 272826: <#BSUB -L /bin/bash;#BSUB -W 48:00;#BSUB -n 16;#BSUB -R "span[ptile=4]";#BSUB -M 16000;#BSUB -e /data/salomonis1/software/AltAnalyze/logs/%J.err;#BSUB -o /data/salomonis1/software/AltAnalyze/logs/%J.out; module load python/2.7.5; python /data/salomonis1/software/AltAnalyze/AltAnalyze.py --bedDir /users/saljh8/salomonis1/projects/Grimes/050515_37_IG2_11_GG1/bams --output /users/saljh8/salomonis1/projects/Grimes/050515_37_IG2_11_GG1/bams --platform RNASeq --species Mm --expname GGI-IG2> Exited

Job <#BSUB -L /bin/bash;#BSUB -W 48:00;#BSUB -n 16;#BSUB -R "span[ptile=4]";#BSUB -M 16000;#BSUB -e /data/salomonis1/software/AltAnalyze/logs/%J.err;#BSUB -o /data/salomonis1/software/AltAnalyze/logs/%J.out; module load python/2.7.5; python /data/salomonis1/software/AltAnalyze/AltAnalyze.py --bedDir /users/saljh8/salomonis1/projects/Grimes/050515_37_IG2_11_GG1/bams --output /users/saljh8/salomonis1/projects/Grimes/050515_37_IG2_11_GG1/bams --platform RNASeq --species Mm --expname GGI-IG2> was submitted from host <bmiclusterp1> by user <saljh8> in cluster <BMICluster>.
Job was executed on host(s) <4*bmi-460g6-04>, in queue <normal>, as user <saljh8> in cluster <BMICluster>.
                            <4*bmi-460g6-05>
                            <4*bmi-460g8-11>
                            <4*bmi-460g7-03>
Execution home directory was not known.
</users/saljh8/salomonis1/projects/Grimes/050515_37_IG2_11_GG1/bams> was used as the working directory.
Started at Sat Sep 12 18:43:25 2015
Results reported at Sat Sep 12 18:43:29 2015
Cannot open your job file: 1442097570.272826
TERM_OWNER: job killed by owner.
Exited with exit code 2.

Resource usage summary:

    CPU time   :     48.35 sec.
    Max Memory :         7 MB
    Max Swap   :       404 MB

    Max Processes  :         4
    Max Threads    :         4


PS:

Unable to read output data from the stdout buffer file <1442097570.272826.out>: your job was probably aborted prematurely.
Unable to read stderr data from stderr buffer file; your job was probably aborted prematurely.

