Sender: LSF System <srv-lsf@bmi-460g6-04>
Subject: Job 272831: <#BSUB -L /bin/bash;#BSUB -W 48:00;#BSUB -n 16;#BSUB -R "span[ptile=4]";#BSUB -M 16000;#BSUB -e /data/salomonis1/software/AltAnalyze/logs/%J.err;#BSUB -o /data/salomonis1/software/AltAnalyze/logs/%J.out; module load python/2.7.5; python /data/salomonis1/software/AltAnalyze/AltAnalyze.py --bedDir /data/salomonis1/projects/Grimes/050515_37_IG2_11_GG1/bams --output /data/salomonis1/projects/Grimes/050515_37_IG2_11_GG1/bams --platform RNASeq --species Mm --expname GGI-IG2> Exited

Job <#BSUB -L /bin/bash;#BSUB -W 48:00;#BSUB -n 16;#BSUB -R "span[ptile=4]";#BSUB -M 16000;#BSUB -e /data/salomonis1/software/AltAnalyze/logs/%J.err;#BSUB -o /data/salomonis1/software/AltAnalyze/logs/%J.out; module load python/2.7.5; python /data/salomonis1/software/AltAnalyze/AltAnalyze.py --bedDir /data/salomonis1/projects/Grimes/050515_37_IG2_11_GG1/bams --output /data/salomonis1/projects/Grimes/050515_37_IG2_11_GG1/bams --platform RNASeq --species Mm --expname GGI-IG2> was submitted from host <bmiclusterp1> by user <kuln3v> in cluster <BMICluster>.
Job was executed on host(s) <4*bmi-460g6-04>, in queue <normal>, as user <kuln3v> in cluster <BMICluster>.
                            <4*bmi-460g7-03>
                            <4*bmi-460g6-20>
                            <4*bmi-460g6-33>
</users/kuln3v> was used as the home directory.
</data/salomonis1/projects/Grimes/050515_37_IG2_11_GG1/bams> was used as the working directory.
Started at Sat Sep 12 18:43:09 2015
Results reported at Sat Sep 12 18:44:40 2015

Your job looked like:

------------------------------------------------------------
# LSBATCH: User input
#BSUB -L /bin/bash
#BSUB -W 48:00
#BSUB -n 16
#BSUB -R "span[ptile=4]"
#BSUB -M 16000
#BSUB -e /data/salomonis1/software/AltAnalyze/logs/%J.err
#BSUB -o /data/salomonis1/software/AltAnalyze/logs/%J.out

module load python/2.7.5

python /data/salomonis1/software/AltAnalyze/AltAnalyze.py --bedDir /data/salomonis1/projects/Grimes/050515_37_IG2_11_GG1/bams --output /data/salomonis1/projects/Grimes/050515_37_IG2_11_GG1/bams --platform RNASeq --species Mm --expname GGI-IG2


------------------------------------------------------------

TERM_OWNER: job killed by owner.
Exited with exit code 1.

Resource usage summary:

    CPU time   :    354.76 sec.
    Max Memory :       487 MB
    Max Swap   :      4623 MB

    Max Processes  :        13
    Max Threads    :        14

The output (if any) follows:

Running commandline options

Arguments input: ['/data/salomonis1/software/AltAnalyze/AltAnalyze.py', '--bedDir', '/data/salomonis1/projects/Grimes/050515_37_IG2_11_GG1/bams', '--output', '/data/salomonis1/projects/Grimes/050515_37_IG2_11_GG1/bams', '--platform', 'RNASeq', '--species', 'Mm', '--expname', 'GGI-IG2'] 

AltAnalyze inferred a groups and comps file from the CEL file names.
Beginning AltAnalyze Analysis... Format: non-log
AltAnalyze version 2.0.9 - Expression Analysis Parameters Being Used...
	database: EnsMart72
	species: Mm
	method: RNASeq
	manufacturer: RNASeq
	probability_statistic: moderated t-test
	constitutive_source: Ensembl
	dabg_p: 1.0
	junction expression threshold: 2.0
	exon_exp_threshold: 5.0
	gene_exp_threshold: 10.0
	exon_rpkm_threshold: 0.5
	gene_rpkm_threshold: 1.0
	exclude low expressing exons for RPKM: no
	avg_all_for_ss: yes
	expression_data_format: non-log
	include_raw_data: yes
	run_from_scratch: Process RNA-seq reads
	perform_alt_analysis: yes
	calculate_gene_expression_using: core
Alternative Exon Analysis Parameters Being Used...
	analysis_method: ASPIRE
	p_threshold: 0.05
	filter_data_types: all
	alt_exon_fold_variable: 0.2
	gene_expression_cutoff: 10.0
	remove_intronic_junctions: yes
	avg_all_for_ss: yes
	permute_p_threshold: 0.05
	perform_permutation_analysis: no
	export_NI_values: yes
	run_MiDAS: no
	use_direct_domain_alignments_only: inferred comparison
	microRNA_prediction_method: any
	analyze_all_conditions: pairwise
	filter_for_AS: no
	run_GOElite: run-immediately
Running command line mode: yes
multiThreading: True
Writing AltDatabase/Mm/RNASeq/Mm_Ensembl_exons.txt
Processing exon/junction coordinates sequentially by chromosome
Note: this step is time intensive (can be hours) and no print statements may post for a while
Using 8 processes


PS:

Read file </data/salomonis1/software/AltAnalyze/logs/272831.err> for stderr output of this job.

