Traceback (most recent call last):
  File "/data/salomonis1/software/AltAnalyze/AltAnalyze.py", line 7485, in <module>
Process Process-3:
Traceback (most recent call last):
  File "/usr/local/python/2.7.5/lib/python2.7/multiprocessing/process.py", line 258, in _bootstrap
Process Process-4:
Process Process-1:
Traceback (most recent call last):
Traceback (most recent call last):
Process Process-6:
  File "/usr/local/python/2.7.5/lib/python2.7/multiprocessing/process.py", line 258, in _bootstrap
Traceback (most recent call last):
  File "/usr/local/python/2.7.5/lib/python2.7/multiprocessing/process.py", line 258, in _bootstrap
  File "/usr/local/python/2.7.5/lib/python2.7/multiprocessing/process.py", line 258, in _bootstrap
Process Process-7:
Traceback (most recent call last):
Process Process-2:
  File "/usr/local/python/2.7.5/lib/python2.7/multiprocessing/process.py", line 258, in _bootstrap
Traceback (most recent call last):
Process Process-8:
  File "/usr/local/python/2.7.5/lib/python2.7/multiprocessing/process.py", line 258, in _bootstrap
Traceback (most recent call last):
Process Process-5:
  File "/usr/local/python/2.7.5/lib/python2.7/multiprocessing/process.py", line 258, in _bootstrap
Traceback (most recent call last):
  File "/usr/local/python/2.7.5/lib/python2.7/multiprocessing/process.py", line 258, in _bootstrap
    runCommandLineVersion()
  File "/data/salomonis1/software/AltAnalyze/AltAnalyze.py", line 7399, in runCommandLineVersion
    commandLineRun()
  File "/data/salomonis1/software/AltAnalyze/AltAnalyze.py", line 7369, in commandLineRun
    AltAnalyzeMain(expr_var, alt_var, goelite_var, additional_var, exp_file_location_db,None)
  File "/data/salomonis1/software/AltAnalyze/AltAnalyze.py", line 5350, in AltAnalyzeMain
    biotypes = RNASeq.alignExonsAndJunctionsToEnsembl(species,exp_file_location_db,dataset,Multi=mlp)
  File "/data/salomonis1/software/AltAnalyze/RNASeq.py", line 1063, in alignExonsAndJunctionsToEnsembl
    self.run()
  File "/usr/local/python/2.7.5/lib/python2.7/multiprocessing/process.py", line 114, in run
    self.run()
    self.run()
  File "/usr/local/python/2.7.5/lib/python2.7/multiprocessing/process.py", line 114, in run
  File "/usr/local/python/2.7.5/lib/python2.7/multiprocessing/process.py", line 114, in run
    self.run()
    self.run()
  File "/usr/local/python/2.7.5/lib/python2.7/multiprocessing/process.py", line 114, in run
  File "/usr/local/python/2.7.5/lib/python2.7/multiprocessing/process.py", line 114, in run
    self.run()
  File "/usr/local/python/2.7.5/lib/python2.7/multiprocessing/process.py", line 114, in run
    self.run()
  File "/usr/local/python/2.7.5/lib/python2.7/multiprocessing/process.py", line 114, in run
    self._target(*self._args, **self._kwargs)
  File "/data/salomonis1/software/AltAnalyze/RNASeq.py", line 1311, in __call__
    self._target(*self._args, **self._kwargs)
  File "/data/salomonis1/software/AltAnalyze/RNASeq.py", line 1311, in __call__
    self._target(*self._args, **self._kwargs)
  File "/data/salomonis1/software/AltAnalyze/RNASeq.py", line 1311, in __call__
    self._target(*self._args, **self._kwargs)
    self._target(*self._args, **self._kwargs)
  File "/data/salomonis1/software/AltAnalyze/RNASeq.py", line 1311, in __call__
  File "/data/salomonis1/software/AltAnalyze/RNASeq.py", line 1311, in __call__
    self._target(*self._args, **self._kwargs)
    self.run()
  File "/data/salomonis1/software/AltAnalyze/RNASeq.py", line 1311, in __call__
  File "/usr/local/python/2.7.5/lib/python2.7/multiprocessing/process.py", line 114, in run
    self._target(*self._args, **self._kwargs)
  File "/data/salomonis1/software/AltAnalyze/RNASeq.py", line 1311, in __call__
    self._target(*self._args, **self._kwargs)
  File "/data/salomonis1/software/AltAnalyze/RNASeq.py", line 1311, in __call__
    val = queue.get()
  File "/usr/local/python/2.7.5/lib/python2.7/multiprocessing/queues.py", line 117, in get
    junction_db,biotypes,algorithms = importBEDFile(bed_dir,root_dir,species,normalize_feature_exp,searchChr=searchchr,testImport=testImport)
  File "/data/salomonis1/software/AltAnalyze/RNASeq.py", line 554, in importBEDFile
    junction_db,biotypes,algorithms = importBEDFile(bed_dir,root_dir,species,normalize_feature_exp,searchChr=searchchr,testImport=testImport)
  File "/data/salomonis1/software/AltAnalyze/RNASeq.py", line 553, in importBEDFile
    junction_db,biotypes,algorithms = importBEDFile(bed_dir,root_dir,species,normalize_feature_exp,searchChr=searchchr,testImport=testImport)
  File "/data/salomonis1/software/AltAnalyze/RNASeq.py", line 625, in importBEDFile
    junction_db,biotypes,algorithms = importBEDFile(bed_dir,root_dir,species,normalize_feature_exp,searchChr=searchchr,testImport=testImport)
  File "/data/salomonis1/software/AltAnalyze/RNASeq.py", line 554, in importBEDFile
    junction_db,biotypes,algorithms = importBEDFile(bed_dir,root_dir,species,normalize_feature_exp,searchChr=searchchr,testImport=testImport)
    junction_db,biotypes,algorithms = importBEDFile(bed_dir,root_dir,species,normalize_feature_exp,searchChr=searchchr,testImport=testImport)
  File "/data/salomonis1/software/AltAnalyze/RNASeq.py", line 571, in importBEDFile
  File "/data/salomonis1/software/AltAnalyze/RNASeq.py", line 683, in importBEDFile
    data = cleanUpLine(line)
    if ':' in t[0]:
    algorithms[algorithm]=[]
  File "/data/salomonis1/software/AltAnalyze/RNASeq.py", line 74, in cleanUpLine
    data = string.replace(data,'"','')
KeyboardInterrupt
  File "/usr/local/python/2.7.5/lib/python2.7/string.py", line 519, in replace
    junction_db,biotypes,algorithms = importBEDFile(bed_dir,root_dir,species,normalize_feature_exp,searchChr=searchchr,testImport=testImport)
    t = string.split(data,'\t')
  File "/data/salomonis1/software/AltAnalyze/RNASeq.py", line 553, in importBEDFile
  File "/usr/local/python/2.7.5/lib/python2.7/string.py", line 292, in split
    chr, exon1_start, exon2_stop, junction_id, reads, strand, null, null, null, null, lengths, null = t
    data = cleanUpLine(line)
  File "/data/salomonis1/software/AltAnalyze/RNASeq.py", line 70, in cleanUpLine
KeyboardInterrupt
    def cleanUpLine(line):
KeyboardInterrupt
KeyboardInterrupt
    t = string.split(data,'\t')
  File "/usr/local/python/2.7.5/lib/python2.7/string.py", line 292, in split
    junction_db,biotypes,algorithms = importBEDFile(bed_dir,root_dir,species,normalize_feature_exp,searchChr=searchchr,testImport=testImport)
  File "/data/salomonis1/software/AltAnalyze/RNASeq.py", line 553, in importBEDFile
    data = cleanUpLine(line)
  File "/data/salomonis1/software/AltAnalyze/RNASeq.py", line 74, in cleanUpLine
    data = string.replace(data,'"','')
  File "/usr/local/python/2.7.5/lib/python2.7/string.py", line 519, in replace
    res = self._recv()
KeyboardInterrupt
    return s.replace(old, new, maxreplace)
    return s.split(sep, maxsplit)
    return s.split(sep, maxsplit)
KeyboardInterrupt
KeyboardInterrupt
KeyboardInterrupt
    return s.replace(old, new, maxreplace)
KeyboardInterrupt
