Sender: LSF System <srv-lsf@bmi-460g6-28>
Subject: Job 380794: <#BSUB -L /bin/bash;#BSUB -W 72:00;#BSUB -n 16;#BSUB -R "span[ptile=4]";#BSUB -M 65000;#BSUB -e /data/salomonis1/software/AltAnalyze/logs/%J.err;#BSUB -o /data/salomonis1/software/AltAnalyze/logs/%J.out; module load samtools python/2.7.6; python /data/salomonis1/software/AltAnalyze/AltAnalyze.py --species Hs --platform RNAseq --bedDir /data/salomonis2/SRP042161_GBM/bams --output /data/salomonis2/SRP042161_GBM/bams --expname SRP042161-GBM --runGOElite no --multiThreading no> Done

Job <#BSUB -L /bin/bash;#BSUB -W 72:00;#BSUB -n 16;#BSUB -R "span[ptile=4]";#BSUB -M 65000;#BSUB -e /data/salomonis1/software/AltAnalyze/logs/%J.err;#BSUB -o /data/salomonis1/software/AltAnalyze/logs/%J.out; module load samtools python/2.7.6; python /data/salomonis1/software/AltAnalyze/AltAnalyze.py --species Hs --platform RNAseq --bedDir /data/salomonis2/SRP042161_GBM/bams --output /data/salomonis2/SRP042161_GBM/bams --expname SRP042161-GBM --runGOElite no --multiThreading no> was submitted from host <bmiclusterp1> by user <venz6v> in cluster <BMICluster>.
Job was executed on host(s) <4*bmi-460g6-28>, in queue <normal>, as user <venz6v> in cluster <BMICluster>.
                            <4*bmi-460g6-13>
                            <4*bmi-460g6-02>
                            <4*bmi-460g6-16>
</users/venz6v> was used as the home directory.
</data/salomonis2/SRP042161_GBM/bams> was used as the working directory.
Started at Mon Jul 11 17:24:01 2016
Results reported at Mon Jul 11 17:24:18 2016

Your job looked like:

------------------------------------------------------------
# LSBATCH: User input
#BSUB -L /bin/bash
#BSUB -W 72:00
#BSUB -n 16
#BSUB -R "span[ptile=4]"
#BSUB -M 65000
#BSUB -e /data/salomonis1/software/AltAnalyze/logs/%J.err
#BSUB -o /data/salomonis1/software/AltAnalyze/logs/%J.out

module load samtools python/2.7.6

python /data/salomonis1/software/AltAnalyze/AltAnalyze.py --species Hs --platform RNAseq --bedDir /data/salomonis2/SRP042161_GBM/bams --output /data/salomonis2/SRP042161_GBM/bams --expname SRP042161-GBM --runGOElite no --multiThreading no

------------------------------------------------------------

Successfully completed.

Resource usage summary:

    CPU time   :      3.20 sec.
    Max Memory :         6 MB
    Max Swap   :       404 MB

    Max Processes  :         4
    Max Threads    :         4

The output (if any) follows:


Pmw or Tkinter not found... Tkinter print out not available

Pmw or Tkinter not found... Tkinter print out not available

Pmw or Tkinter not found... Tkinter print out not available
3 [['/data/salomonis1/software/AltAnalyze/AltAnalyze.py', '--species', 'Hs', '--platform', 'RNAseq', '--bedDir', '/data/salomonis2/SRP042161_GBM/bams', '--output', '/data/salomonis2/SRP042161_GBM/bams', '--expname', 'SRP042161-GBM', '--runGOElite', 'no', '--multiThreading', 'no']] Running commandline options

Arguments input: ['/data/salomonis1/software/AltAnalyze/AltAnalyze.py', '--species', 'Hs', '--platform', 'RNAseq', '--bedDir', '/data/salomonis2/SRP042161_GBM/bams', '--output', '/data/salomonis2/SRP042161_GBM/bams', '--expname', 'SRP042161-GBM', '--runGOElite', 'no', '--multiThreading', 'no'] 

[None] not currently supported... Please provide CDF to AltAnalyze (commandline or GUI) or manually add to AltDatabase/affymetrix/LibraryFiles


PS:

Read file </data/salomonis1/software/AltAnalyze/logs/380794.err> for stderr output of this job.

