Sender: LSF System <srv-lsf@bmi-460g6-28>
Subject: Job 380797: <#BSUB -L /bin/bash;#BSUB -W 72:00;#BSUB -n 16;#BSUB -R "span[ptile=4]";#BSUB -M 65000;#BSUB -e /data/salomonis1/software/AltAnalyze/logs/%J.err;#BSUB -o /data/salomonis1/software/AltAnalyze/logs/%J.out; module load samtools python; python /data/salomonis1/software/AltAnalyze/AltAnalyze.py --species Hs --platform RNASeq --bedDir /data/salomonis2/SRP042161_GBM/bams --output /data/salomonis2/SRP042161_GBM/bams --expname SRP042161-GBM --runGOElite no> Done

Job <#BSUB -L /bin/bash;#BSUB -W 72:00;#BSUB -n 16;#BSUB -R "span[ptile=4]";#BSUB -M 65000;#BSUB -e /data/salomonis1/software/AltAnalyze/logs/%J.err;#BSUB -o /data/salomonis1/software/AltAnalyze/logs/%J.out; module load samtools python; python /data/salomonis1/software/AltAnalyze/AltAnalyze.py --species Hs --platform RNASeq --bedDir /data/salomonis2/SRP042161_GBM/bams --output /data/salomonis2/SRP042161_GBM/bams --expname SRP042161-GBM --runGOElite no> was submitted from host <bmiclusterp1> by user <venz6v> in cluster <BMICluster>.
Job was executed on host(s) <4*bmi-460g6-28>, in queue <normal>, as user <venz6v> in cluster <BMICluster>.
                            <4*bmi-460g6-02>
                            <4*bmi-460g6-13>
                            <4*bmi-460g6-16>
</users/venz6v> was used as the home directory.
</data/salomonis2/SRP042161_GBM/bams> was used as the working directory.
Started at Mon Jul 11 17:34:11 2016
Results reported at Tue Jul 12 12:37:49 2016

Your job looked like:

------------------------------------------------------------
# LSBATCH: User input
#BSUB -L /bin/bash
#BSUB -W 72:00
#BSUB -n 16
#BSUB -R "span[ptile=4]"
#BSUB -M 65000
#BSUB -e /data/salomonis1/software/AltAnalyze/logs/%J.err
#BSUB -o /data/salomonis1/software/AltAnalyze/logs/%J.out

module load samtools python

python /data/salomonis1/software/AltAnalyze/AltAnalyze.py --species Hs --platform RNASeq --bedDir /data/salomonis2/SRP042161_GBM/bams --output /data/salomonis2/SRP042161_GBM/bams --expname SRP042161-GBM --runGOElite no

------------------------------------------------------------

Successfully completed.

Resource usage summary:

    CPU time   : 313201.31 sec.
    Max Memory :     61351 MB
    Max Swap   :     65929 MB

    Max Processes  :        11
    Max Threads    :        12

The output (if any) follows:

3 [['/data/salomonis1/software/AltAnalyze/AltAnalyze.py', '--species', 'Hs', '--platform', 'RNASeq', '--bedDir', '/data/salomonis2/SRP042161_GBM/bams', '--output', '/data/salomonis2/SRP042161_GBM/bams', '--expname', 'SRP042161-GBM', '--runGOElite', 'no']] Running commandline options

Arguments input: ['/data/salomonis1/software/AltAnalyze/AltAnalyze.py', '--species', 'Hs', '--platform', 'RNASeq', '--bedDir', '/data/salomonis2/SRP042161_GBM/bams', '--output', '/data/salomonis2/SRP042161_GBM/bams', '--expname', 'SRP042161-GBM', '--runGOElite', 'no'] 

Beginning AltAnalyze Analysis... Format: non-log
AltAnalyze version 2.0.9.4 - Expression Analysis Parameters Being Used...
	database: EnsMart72
	species: Hs
	method: RNASeq
	manufacturer: RNASeq
	probability_statistic: moderated t-test
	constitutive_source: Ensembl
	dabg_p: 1.0
	junction expression threshold: 5.0
	exon_exp_threshold: 5.0
	gene_exp_threshold: 200.0
	exon_rpkm_threshold: 0.5
	gene_rpkm_threshold: 1.0
	exclude low expressing exons for RPKM: no
	avg_all_for_ss: yes
	expression_data_format: non-log
	include_raw_data: yes
	run_from_scratch: Process RNA-seq reads
	perform_alt_analysis: yes
	calculate_gene_expression_using: core
Alternative Exon Analysis Parameters Being Used...
	analysis_method: ASPIRE
	p_threshold: 0.05
	filter_data_types: all
	alt_exon_fold_variable: 0.2
	gene_expression_cutoff: 10.0
	remove_intronic_junctions: no
	avg_all_for_ss: yes
	permute_p_threshold: 0.05
	perform_permutation_analysis: no
	export_NI_values: yes
	run_MiDAS: no
	use_direct_domain_alignments_only: inferred comparison
	microRNA_prediction_method: any
	analyze_all_conditions: pairwise
	filter_for_AS: no
	run_GOElite: decide_later
Running command line mode: yes
multiThreading: True
Writing AltDatabase/Hs/RNASeq/Hs_Ensembl_exons.txt
Processing exon/junction coordinates sequentially by chromosome
Note: this step is time intensive (can be hours) and no print statements may post for a while
Using 6 processes
Read exon and junction mapping complete
...RNA-seq import completed in 68576 seconds

RPKM normalization complete
Imported Junction Statistics:
     147083 junctions found in Ensembl/UCSC and 22324 are novel
     852 trans-splicing junctions found (two aligning Ensembl genes)
     3471 junctions where neither splice-site aligned to a gene
Imported Exon Statistics:
     1232 exons where neither aligned to a gene
User databases and read counts written to: /data/salomonis2/SRP042161_GBM/bams/ExpressionInput
Beginning to Process the Hs RNASeq dataset
21168 Ensembl GO/pathway annotations imported in 2 seconds
WARNING!!! At least one sample-ID listed in the "groups." file (e.g.,SRR1294494_1.bed)
 is not in the sample "exp." file. See the new file "arrays." with all "exp." header names
and correct "groups."
WARNING!!! At least one sample-ID listed in the "groups." file (e.g.,SRR1294494_1.bed)
 is not in the sample "exp." file. See the new file "arrays." with all "exp." header names
and correct "groups."


PS:

Read file </data/salomonis1/software/AltAnalyze/logs/380797.err> for stderr output of this job.

