Sender: LSF System <srv-lsf@bmi-460g6-29>
Subject: Job 381468: <#BSUB -L /bin/bash;#BSUB -W 72:00;#BSUB -n 16;#BSUB -R "span[ptile=4]";#BSUB -M 65000;#BSUB -e /data/salomonis1/software/AltAnalyze/logs/%J.err;#BSUB -o /data/salomonis1/software/AltAnalyze/logs/%J.out; module load samtools python; python /data/salomonis1/software/AltAnalyze/AltAnalyze.py --species Hs --platform RNASeq --bedDir /data/salomonis2/SRP042161_GBM/bams --output /data/salomonis2/SRP042161_GBM/bams --expname SRP042161-GBM --runGOElite no> Exited

Job <#BSUB -L /bin/bash;#BSUB -W 72:00;#BSUB -n 16;#BSUB -R "span[ptile=4]";#BSUB -M 65000;#BSUB -e /data/salomonis1/software/AltAnalyze/logs/%J.err;#BSUB -o /data/salomonis1/software/AltAnalyze/logs/%J.out; module load samtools python; python /data/salomonis1/software/AltAnalyze/AltAnalyze.py --species Hs --platform RNASeq --bedDir /data/salomonis2/SRP042161_GBM/bams --output /data/salomonis2/SRP042161_GBM/bams --expname SRP042161-GBM --runGOElite no> was submitted from host <bmiclusterp1> by user <venz6v> in cluster <BMICluster>.
Job was executed on host(s) <4*bmi-460g6-29>, in queue <normal>, as user <venz6v> in cluster <BMICluster>.
                            <4*bmi-460g6-28>
                            <4*bmi-460g6-16>
                            <4*bmi-460g6-13>
</users/venz6v> was used as the home directory.
</data/salomonis2/SRP042161_GBM/bams> was used as the working directory.
Started at Tue Jul 12 12:49:50 2016
Results reported at Wed Jul 13 10:52:25 2016

Your job looked like:

------------------------------------------------------------
# LSBATCH: User input
#BSUB -L /bin/bash
#BSUB -W 72:00
#BSUB -n 16
#BSUB -R "span[ptile=4]"
#BSUB -M 65000
#BSUB -e /data/salomonis1/software/AltAnalyze/logs/%J.err
#BSUB -o /data/salomonis1/software/AltAnalyze/logs/%J.out

module load samtools python

python /data/salomonis1/software/AltAnalyze/AltAnalyze.py --species Hs --platform RNASeq --bedDir /data/salomonis2/SRP042161_GBM/bams --output /data/salomonis2/SRP042161_GBM/bams --expname SRP042161-GBM --runGOElite no

------------------------------------------------------------

Exited with exit code 1.

Resource usage summary:

    CPU time   : 315066.78 sec.
    Max Memory :     61775 MB
    Max Swap   :     66401 MB

    Max Processes  :        11
    Max Threads    :        12

The output (if any) follows:

3 [['/data/salomonis1/software/AltAnalyze/AltAnalyze.py', '--species', 'Hs', '--platform', 'RNASeq', '--bedDir', '/data/salomonis2/SRP042161_GBM/bams', '--output', '/data/salomonis2/SRP042161_GBM/bams', '--expname', 'SRP042161-GBM', '--runGOElite', 'no']] Running commandline options

Arguments input: ['/data/salomonis1/software/AltAnalyze/AltAnalyze.py', '--species', 'Hs', '--platform', 'RNASeq', '--bedDir', '/data/salomonis2/SRP042161_GBM/bams', '--output', '/data/salomonis2/SRP042161_GBM/bams', '--expname', 'SRP042161-GBM', '--runGOElite', 'no'] 

Beginning AltAnalyze Analysis... Format: non-log
AltAnalyze version 2.0.9.4 - Expression Analysis Parameters Being Used...
	database: EnsMart72
	species: Hs
	method: RNASeq
	manufacturer: RNASeq
	probability_statistic: moderated t-test
	constitutive_source: Ensembl
	dabg_p: 1.0
	junction expression threshold: 5.0
	exon_exp_threshold: 5.0
	gene_exp_threshold: 200.0
	exon_rpkm_threshold: 0.5
	gene_rpkm_threshold: 1.0
	exclude low expressing exons for RPKM: no
	avg_all_for_ss: yes
	expression_data_format: non-log
	include_raw_data: yes
	run_from_scratch: Process RNA-seq reads
	perform_alt_analysis: yes
	calculate_gene_expression_using: core
Alternative Exon Analysis Parameters Being Used...
	analysis_method: ASPIRE
	p_threshold: 0.05
	filter_data_types: all
	alt_exon_fold_variable: 0.2
	gene_expression_cutoff: 10.0
	remove_intronic_junctions: no
	avg_all_for_ss: yes
	permute_p_threshold: 0.05
	perform_permutation_analysis: no
	export_NI_values: yes
	run_MiDAS: no
	use_direct_domain_alignments_only: inferred comparison
	microRNA_prediction_method: any
	analyze_all_conditions: pairwise
	filter_for_AS: no
	run_GOElite: decide_later
Running command line mode: yes
multiThreading: True
Writing AltDatabase/Hs/RNASeq/Hs_Ensembl_exons.txt
Processing exon/junction coordinates sequentially by chromosome
Note: this step is time intensive (can be hours) and no print statements may post for a while
Using 6 processes
Read exon and junction mapping complete
...RNA-seq import completed in 78621 seconds

RPKM normalization complete
Imported Junction Statistics:
     147345 junctions found in Ensembl/UCSC and 22364 are novel
     854 trans-splicing junctions found (two aligning Ensembl genes)
     3484 junctions where neither splice-site aligned to a gene
Imported Exon Statistics:
     1232 exons where neither aligned to a gene
User databases and read counts written to: /data/salomonis2/SRP042161_GBM/bams/ExpressionInput
Beginning to Process the Hs RNASeq dataset
21168 Ensembl GO/pathway annotations imported in 1 seconds
63193 constitutive genes and 1002930 junction IDs imported out of 1002931 lines.
63193 constitutive genes and 1265384 junction IDs imported out of 1151626 lines.
Exon data imported in 133 seconds
Reorganizing expression data into comparison groups for export to down-stream splicing analysis software
Parent directory not found locally forTraceback (most recent call last):
  File "/data/salomonis1/software/AltAnalyze/ExpressionBuilder.py", line 1851, in remoteExpressionBuilder
  File "/data/salomonis1/software/AltAnalyze/ExonArray.py", line 645, in getAnnotations
  File "/data/salomonis1/software/AltAnalyze/ExonArray.py", line 227, in exportGroupedComparisonProbesetData
  File "/data/salomonis1/software/AltAnalyze/export.py", line 131, in createExportFile
  File "/data/salomonis1/software/AltAnalyze/export.py", line 180, in createExportDir
  File "/data/salomonis1/software/AltAnalyze/AltAnalyze.py", line 7926, in write
IOError: [Errno 23] Too many open files in system: '/data/salomonis2/SRP042161_GBM/bams/AltAnalyze_report-20160712-125017.log'
Traceback (most recent call last):
  File "/data/salomonis1/software/AltAnalyze/AltAnalyze.py", line 7851, in runCommandLineVersion
  File "/data/salomonis1/software/AltAnalyze/AltAnalyze.py", line 7809, in commandLineRun
  File "/data/salomonis1/software/AltAnalyze/AltAnalyze.py", line 5495, in AltAnalyzeMain
  File "/data/salomonis1/software/AltAnalyze/ExpressionBuilder.py", line 1853, in remoteExpressionBuilder
  File "/data/salomonis1/software/AltAnalyze/AltAnalyze.py", line 7926, in write
IOError: [Errno 23] Too many open files in system: '/data/salomonis2/SRP042161_GBM/bams/AltAnalyze_report-20160712-125017.log'


PS:

Read file </data/salomonis1/software/AltAnalyze/logs/381468.err> for stderr output of this job.

