Sender: LSF System <srv-lsf@bmi-460g7-06>
Subject: Job 381539: <#BSUB -L /bin/bash;#BSUB -W 72:00;#BSUB -n 16;#BSUB -R "span[ptile=4]";#BSUB -M 65000;#BSUB -e /data/salomonis1/software/AltAnalyze/logs/%J.err;#BSUB -o /data/salomonis1/software/AltAnalyze/logs/%J.out; module load samtools python; python /data/salomonis1/software/AltAnalyze/AltAnalyze.py --species Hs --platform RNASeq --bedDir /data/salomonis2/Leucegene_project/AltAnalyze_run --output /data/salomonis2/Leucegene_project/AltAnalyze_run --expname Leucegene --geneRPKM 1 --rawexp 5 --exonExp 5 --GEcutoff 10> Exited

Job <#BSUB -L /bin/bash;#BSUB -W 72:00;#BSUB -n 16;#BSUB -R "span[ptile=4]";#BSUB -M 65000;#BSUB -e /data/salomonis1/software/AltAnalyze/logs/%J.err;#BSUB -o /data/salomonis1/software/AltAnalyze/logs/%J.out; module load samtools python; python /data/salomonis1/software/AltAnalyze/AltAnalyze.py --species Hs --platform RNASeq --bedDir /data/salomonis2/Leucegene_project/AltAnalyze_run --output /data/salomonis2/Leucegene_project/AltAnalyze_run --expname Leucegene --geneRPKM 1 --rawexp 5 --exonExp 5 --GEcutoff 10> was submitted from host <bmiclusterp1> by user <cherr5> in cluster <BMICluster>.
Job was executed on host(s) <4*bmi-460g7-06>, in queue <normal>, as user <cherr5> in cluster <BMICluster>.
                            <4*bmi-460g6-24>
                            <4*bmi-460g7-04>
                            <4*bmi-460g7-05>
</users/cherr5> was used as the home directory.
</data/salomonis2/Leucegene_project/AltAnalyze_run> was used as the working directory.
Started at Tue Jul 12 13:08:46 2016
Results reported at Tue Jul 12 22:10:33 2016

Your job looked like:

------------------------------------------------------------
# LSBATCH: User input
#BSUB -L /bin/bash
#BSUB -W 72:00
#BSUB -n 16
#BSUB -R "span[ptile=4]"
#BSUB -M 65000
#BSUB -e /data/salomonis1/software/AltAnalyze/logs/%J.err
#BSUB -o /data/salomonis1/software/AltAnalyze/logs/%J.out

module load samtools python

python /data/salomonis1/software/AltAnalyze/AltAnalyze.py --species Hs --platform RNASeq --bedDir /data/salomonis2/Leucegene_project/AltAnalyze_run --output /data/salomonis2/Leucegene_project/AltAnalyze_run --expname Leucegene --geneRPKM 1 --rawexp 5 --exonExp 5 --GEcutoff 10

------------------------------------------------------------

TERM_MEMLIMIT: job killed after reaching LSF memory usage limit.
Exited with exit code 143.

Resource usage summary:

    CPU time   :  37334.00 sec.
    Max Memory :     65011 MB
    Max Swap   :     65874 MB

    Max Processes  :        17
    Max Threads    :        18

The output (if any) follows:



PS:

Read file </data/salomonis1/software/AltAnalyze/logs/381539.err> for stderr output of this job.

