Sender: LSF System <srv-lsf@bmi-460g6-09>
Subject: Job 446921: <#BSUB -L /bin/bash;#BSUB -W 48:00;#BSUB -n 16;#BSUB -R "span[ptile=4]";#BSUB -M 16000;#BSUB -e /data/salomonis1/software/AltAnalyze/logs/%J.err;#BSUB -o /data/salomonis1/software/AltAnalyze/logs/%J.out; module load samtools python/2.7.6; python /data/salomonis1/software/AltAnalyze/AltAnalyze.py --species Hs --platform exon --celdir /data/salomonis2/Matthew_weirauch/GSE-samples --groupdir /data/salomonis2/Matthew_weirauch/GSE-samples/ExpressionInput/groups.EBV.txt --output /data/salomonis2/Matthew_weirauch/GSE-samples --expname EBV> Exited

Job <#BSUB -L /bin/bash;#BSUB -W 48:00;#BSUB -n 16;#BSUB -R "span[ptile=4]";#BSUB -M 16000;#BSUB -e /data/salomonis1/software/AltAnalyze/logs/%J.err;#BSUB -o /data/salomonis1/software/AltAnalyze/logs/%J.out; module load samtools python/2.7.6; python /data/salomonis1/software/AltAnalyze/AltAnalyze.py --species Hs --platform exon --celdir /data/salomonis2/Matthew_weirauch/GSE-samples --groupdir /data/salomonis2/Matthew_weirauch/GSE-samples/ExpressionInput/groups.EBV.txt --output /data/salomonis2/Matthew_weirauch/GSE-samples --expname EBV> was submitted from host <bmiclusterp1> by user <venz6v> in cluster <BMICluster>.
Job was executed on host(s) <4*bmi-460g6-09>, in queue <normal>, as user <venz6v> in cluster <BMICluster>.
                            <4*bmi-460g6-35>
                            <4*bmi-460g6-39>
                            <4*bmi-460g8-13>
</users/venz6v> was used as the home directory.
</data/salomonis2/Matthew_weirauch/GSE-samples> was used as the working directory.
Started at Mon Aug  8 13:02:39 2016
Results reported at Mon Aug  8 13:03:00 2016

Your job looked like:

------------------------------------------------------------
# LSBATCH: User input
#BSUB -L /bin/bash
#BSUB -W 48:00
#BSUB -n 16
#BSUB -R "span[ptile=4]"
#BSUB -M 16000
#BSUB -e /data/salomonis1/software/AltAnalyze/logs/%J.err
#BSUB -o /data/salomonis1/software/AltAnalyze/logs/%J.out

module load samtools python/2.7.6

python /data/salomonis1/software/AltAnalyze/AltAnalyze.py --species Hs --platform exon --celdir /data/salomonis2/Matthew_weirauch/GSE-samples --groupdir /data/salomonis2/Matthew_weirauch/GSE-samples/ExpressionInput/groups.EBV.txt --output /data/salomonis2/Matthew_weirauch/GSE-samples --expname EBV


------------------------------------------------------------

TERM_OWNER: job killed by owner.
Exited with exit code 1.

Resource usage summary:

    CPU time   :      2.78 sec.
    Max Memory :        17 MB
    Max Swap   :       445 MB

    Max Processes  :         4
    Max Threads    :         4

The output (if any) follows:


Pmw or Tkinter not found... Tkinter print out not available

Pmw or Tkinter not found... Tkinter print out not available

Pmw or Tkinter not found... Tkinter print out not available
3 [['/data/salomonis1/software/AltAnalyze/AltAnalyze.py', '--species', 'Hs', '--platform', 'exon', '--celdir', '/data/salomonis2/Matthew_weirauch/GSE-samples', '--groupdir', '/data/salomonis2/Matthew_weirauch/GSE-samples/ExpressionInput/groups.EBV.txt', '--output', '/data/salomonis2/Matthew_weirauch/GSE-samples', '--expname', 'EBV']] Running commandline options

Arguments input: ['/data/salomonis1/software/AltAnalyze/AltAnalyze.py', '--species', 'Hs', '--platform', 'exon', '--celdir', '/data/salomonis2/Matthew_weirauch/GSE-samples', '--groupdir', '/data/salomonis2/Matthew_weirauch/GSE-samples/ExpressionInput/groups.EBV.txt', '--output', '/data/salomonis2/Matthew_weirauch/GSE-samples', '--expname', 'EBV'] 



PS:

Read file </data/salomonis1/software/AltAnalyze/logs/446921.err> for stderr output of this job.

