Read 2658 cel files from: cel_files.txt
Wrong number of cells in channel 0: Expecting: 6553600 and /data/salomonis2/Matthew_weirauch/GSE-samples/GSM724240_1743_3872_20331_B_cell_0_HG-U133+Plus+2.CEL has: 1354896
Wrong CEL ChipType: expecting: 'HuEx-1_0-st-v2' and /data/salomonis2/Matthew_weirauch/GSE-samples/GSM724240_1743_3872_20331_B_cell_0_HG-U133+Plus+2.CEL is: 'HG-U133_Plus_2'
Wrong number of cells in channel 0: Expecting: 6553600 and /data/salomonis2/Matthew_weirauch/GSE-samples/GSM724241_1743_3873_20335_B_cell_1_HG-U133+Plus+2.CEL has: 1354896
Wrong CEL ChipType: expecting: 'HuEx-1_0-st-v2' and /data/salomonis2/Matthew_weirauch/GSE-samples/GSM724241_1743_3873_20335_B_cell_1_HG-U133+Plus+2.CEL is: 'HG-U133_Plus_2'
Wrong number of cells in channel 0: Expecting: 6553600 and /data/salomonis2/Matthew_weirauch/GSE-samples/GSM724242_1743_3873_20337_B_cell_7_HG-U133+Plus+2.CEL has: 1354896
Wrong CEL ChipType: expecting: 'HuEx-1_0-st-v2' and /data/salomonis2/Matthew_weirauch/GSE-samples/GSM724242_1743_3873_20337_B_cell_7_HG-U133+Plus+2.CEL is: 'HG-U133_Plus_2'
Wrong number of cells in channel 0: Expecting: 6553600 and /data/salomonis2/Matthew_weirauch/GSE-samples/GSM724243_1743_3873_20334_B_cell_3_HG-U133+Plus+2.CEL has: 1354896
Wrong CEL ChipType: expecting: 'HuEx-1_0-st-v2' and /data/salomonis2/Matthew_weirauch/GSE-samples/GSM724243_1743_3873_20334_B_cell_3_HG-U133+Plus+2.CEL is: 'HG-U133_Plus_2'
Wrong number of cells in channel 0: Expecting: 6553600 and /data/salomonis2/Matthew_weirauch/GSE-samples/GSM724244_1743_3872_20332_LCL_L_HG-U133+Plus+2.CEL has: 1354896
Wrong CEL ChipType: expecting: 'HuEx-1_0-st-v2' and /data/salomonis2/Matthew_weirauch/GSE-samples/GSM724244_1743_3872_20332_LCL_L_HG-U133+Plus+2.CEL is: 'HG-U133_Plus_2'
Wrong number of cells in channel 0: Expecting: 6553600 and /data/salomonis2/Matthew_weirauch/GSE-samples/GSM724245_1743_3873_20336_LCL_3_HG-U133+Plus+2.CEL has: 1354896
Wrong CEL ChipType: expecting: 'HuEx-1_0-st-v2' and /data/salomonis2/Matthew_weirauch/GSE-samples/GSM724245_1743_3873_20336_LCL_3_HG-U133+Plus+2.CEL is: 'HG-U133_Plus_2'
Wrong number of cells in channel 0: Expecting: 6553600 and /data/salomonis2/Matthew_weirauch/GSE-samples/GSM724246_1743_3872_20333_LCL_6_HG-U133+Plus+2.CEL has: 1354896
Wrong CEL ChipType: expecting: 'HuEx-1_0-st-v2' and /data/salomonis2/Matthew_weirauch/GSE-samples/GSM724246_1743_3872_20333_LCL_6_HG-U133+Plus+2.CEL is: 'HG-U133_Plus_2'
Wrong number of cells in channel 0: Expecting: 6553600 and /data/salomonis2/Matthew_weirauch/GSE-samples/GSM724247_1743_3873_20338_LCL_9_HG-U133+Plus+2.CEL has: 1354896
Wrong CEL ChipType: expecting: 'HuEx-1_0-st-v2' and /data/salomonis2/Matthew_weirauch/GSE-samples/GSM724247_1743_3873_20338_LCL_9_HG-U133+Plus+2.CEL is: 'HG-U133_Plus_2'
Wrong number of cells in channel 0: Expecting: 6553600 and /data/salomonis2/Matthew_weirauch/GSE-samples/GSM736476.CEL has: 1354896
Wrong CEL ChipType: expecting: 'HuEx-1_0-st-v2' and /data/salomonis2/Matthew_weirauch/GSE-samples/GSM736476.CEL is: 'HG-U133_Plus_2'
Wrong number of cells in channel 0: Expecting: 6553600 and /data/salomonis2/Matthew_weirauch/GSE-samples/GSM736477.CEL has: 1354896
Wrong CEL ChipType: expecting: 'HuEx-1_0-st-v2' and /data/salomonis2/Matthew_weirauch/GSE-samples/GSM736477.CEL is: 'HG-U133_Plus_2'
Wrong number of cells in channel 0: Expecting: 6553600 and /data/salomonis2/Matthew_weirauch/GSE-samples/GSM736478.CEL has: 1354896
Wrong CEL ChipType: expecting: 'HuEx-1_0-st-v2' and /data/salomonis2/Matthew_weirauch/GSE-samples/GSM736478.CEL is: 'HG-U133_Plus_2'

FATAL ERROR:Different chiptypes or probe counts found. Only first 10 errors printed, see log for rest.
