Sender: LSF System <srv-lsf@bmi-460g6-35>
Subject: Job 446941: <#BSUB -L /bin/bash;#BSUB -W 48:00;#BSUB -n 16;#BSUB -R "span[ptile=4]";#BSUB -M 16000;#BSUB -e /data/salomonis1/software/AltAnalyze/logs/%J.err;#BSUB -o /data/salomonis1/software/AltAnalyze/logs/%J.out; module load samtools python; python /data/salomonis1/software/AltAnalyze/AltAnalyze.py --species Hs --platform exon --celdir /data/salomonis2/Matthew_weirauch/GSE-samples --groupdir /data/salomonis2/Matthew_weirauch/GSE-samples/ExpressionInput/groups.EBV.txt --output /data/salomonis2/Matthew_weirauch/GSE-samples --expname EBV> Done

Job <#BSUB -L /bin/bash;#BSUB -W 48:00;#BSUB -n 16;#BSUB -R "span[ptile=4]";#BSUB -M 16000;#BSUB -e /data/salomonis1/software/AltAnalyze/logs/%J.err;#BSUB -o /data/salomonis1/software/AltAnalyze/logs/%J.out; module load samtools python; python /data/salomonis1/software/AltAnalyze/AltAnalyze.py --species Hs --platform exon --celdir /data/salomonis2/Matthew_weirauch/GSE-samples --groupdir /data/salomonis2/Matthew_weirauch/GSE-samples/ExpressionInput/groups.EBV.txt --output /data/salomonis2/Matthew_weirauch/GSE-samples --expname EBV> was submitted from host <bmiclusterp1> by user <venz6v> in cluster <BMICluster>.
Job was executed on host(s) <4*bmi-460g6-35>, in queue <normal>, as user <venz6v> in cluster <BMICluster>.
                            <4*bmi-460g6-39>
                            <4*bmi-460g6-40>
                            <4*bmi-460g6-04>
</users/venz6v> was used as the home directory.
</data/salomonis2/Matthew_weirauch/GSE-samples> was used as the working directory.
Started at Mon Aug  8 13:12:43 2016
Results reported at Mon Aug  8 13:14:57 2016

Your job looked like:

------------------------------------------------------------
# LSBATCH: User input
#BSUB -L /bin/bash
#BSUB -W 48:00
#BSUB -n 16
#BSUB -R "span[ptile=4]"
#BSUB -M 16000
#BSUB -e /data/salomonis1/software/AltAnalyze/logs/%J.err
#BSUB -o /data/salomonis1/software/AltAnalyze/logs/%J.out

module load samtools python

python /data/salomonis1/software/AltAnalyze/AltAnalyze.py --species Hs --platform exon --celdir /data/salomonis2/Matthew_weirauch/GSE-samples --groupdir /data/salomonis2/Matthew_weirauch/GSE-samples/ExpressionInput/groups.EBV.txt --output /data/salomonis2/Matthew_weirauch/GSE-samples --expname EBV


------------------------------------------------------------

Successfully completed.

Resource usage summary:

    CPU time   :     67.12 sec.
    Max Memory :        66 MB
    Max Swap   :       800 MB

    Max Processes  :         5
    Max Threads    :         6

The output (if any) follows:

3 [['/data/salomonis1/software/AltAnalyze/AltAnalyze.py', '--species', 'Hs', '--platform', 'exon', '--celdir', '/data/salomonis2/Matthew_weirauch/GSE-samples', '--groupdir', '/data/salomonis2/Matthew_weirauch/GSE-samples/ExpressionInput/groups.EBV.txt', '--output', '/data/salomonis2/Matthew_weirauch/GSE-samples', '--expname', 'EBV']] Running commandline options

Arguments input: ['/data/salomonis1/software/AltAnalyze/AltAnalyze.py', '--species', 'Hs', '--platform', 'exon', '--celdir', '/data/salomonis2/Matthew_weirauch/GSE-samples', '--groupdir', '/data/salomonis2/Matthew_weirauch/GSE-samples/ExpressionInput/groups.EBV.txt', '--output', '/data/salomonis2/Matthew_weirauch/GSE-samples', '--expname', 'EBV'] 

Beginning AltAnalyze Analysis... Format: log
AltAnalyze version 2.0.9.4 - Expression Analysis Parameters Being Used...
	database: EnsMart72
	species: Hs
	method: exon
	manufacturer: Affymetrix
	probability_statistic: moderated t-test
	constitutive_source: Ensembl
	dabg_p: 0.05
	raw_expression_threshold: 1.0
	avg_all_for_ss: no
	expression_data_format: log
	include_raw_data: yes
	run_from_scratch: Process CEL files
	perform_alt_analysis: yes
	calculate_gene_expression_using: constitutive
Alternative Exon Analysis Parameters Being Used...
	analysis_method: splicing-index
	p_threshold: 0.05
	filter_data_types: core
	alt_exon_fold_variable: 2.0
	gene_expression_cutoff: 3.0
	remove_intronic_junctions: NA
	avg_all_for_ss: no
	permute_p_threshold: NA
	perform_permutation_analysis: NA
	export_NI_values: yes
	run_MiDAS: yes
	use_direct_domain_alignments_only: inferred comparison
	microRNA_prediction_method: any
	analyze_all_conditions: pairwise
	filter_for_AS: no
	run_GOElite: run-immediately
Running command line mode: yes
Processor architecture set = 64bit x86_64
Beginning probeset summarization of input CEL files with Affymetrix Power Tools (APT)...
Trying to change APT binary access privileges
Traceback (most recent call last):
  File "/data/salomonis1/software/AltAnalyze/AltAnalyze.py", line 5390, in AltAnalyzeMain
    os.chmod(apt_file,0777)
OSError: [Errno 1] Operation not permitted: '/data/salomonis1/software/AltAnalyze/AltDatabase/affymetrix/APT/Linux/64bit/apt-probeset-summarize'

AltAnalyze encountered an un-expected error while running Affymetrix
Power Tools (APT). Additional information may be found in the directory
"ExpressionInput/APT" in the output directory. You may also encounter issues
if you are logged into an account with restricted priveledges.

If this issue can not be resolved, contact AltAnalyze help or run RMA outside
of AltAnalyze and import the results using the analysis option "expression file".

AltAnalyze encountered an un-expected error while running Affymetrix
Power Tools (APT). Additional information may be found in the directory
"ExpressionInput/APT" in the output directory. You may also encounter issues
if you are logged into an account with restricted priveledges.

If this issue can not be resolved, contact AltAnalyze help or run RMA outside
of AltAnalyze and import the results using the analysis option "expression file".



PS:

Read file </data/salomonis1/software/AltAnalyze/logs/446941.err> for stderr output of this job.

