Sender: LSF System <srv-lsf@bmi-460g6-07>
Subject: Job 466392: <#BSUB -L /bin/bash;#BSUB -W 140:00;#BSUB -n 16;#BSUB -R "span[ptile=4]";#BSUB -M 16000;#BSUB -e /data/salomonis1/software/AltAnalyze/logs/%J.err;#BSUB -o /data/salomonis1/software/AltAnalyze/logs/%J.out; module load samtools python; python /data/salomonis1/software/AltAnalyze/AltAnalyze.py --species Hs --platform exon --celdir /data/salomonis2/Matthew_weirauch/GSE-samples/ --groupdir /data/salomonis2/Matthew_weirauch/GSE-samples/ExpressionInput/groups.EBV.txt --compdir /data/salomonis2/Matthew_weirauch/GSE-samples/ExpressionInput/comps.EBV.txt --output /data/salomonis2/Matthew_weirauch/GSE-samples/ --expname EBV --runalt no> Exited

Job <#BSUB -L /bin/bash;#BSUB -W 140:00;#BSUB -n 16;#BSUB -R "span[ptile=4]";#BSUB -M 16000;#BSUB -e /data/salomonis1/software/AltAnalyze/logs/%J.err;#BSUB -o /data/salomonis1/software/AltAnalyze/logs/%J.out; module load samtools python; python /data/salomonis1/software/AltAnalyze/AltAnalyze.py --species Hs --platform exon --celdir /data/salomonis2/Matthew_weirauch/GSE-samples/ --groupdir /data/salomonis2/Matthew_weirauch/GSE-samples/ExpressionInput/groups.EBV.txt --compdir /data/salomonis2/Matthew_weirauch/GSE-samples/ExpressionInput/comps.EBV.txt --output /data/salomonis2/Matthew_weirauch/GSE-samples/ --expname EBV --runalt no> was submitted from host <bmiclusterp1> by user <venz6v> in cluster <BMICluster>.
Job was executed on host(s) <4*bmi-460g6-07>, in queue <normal>, as user <venz6v> in cluster <BMICluster>.
                            <4*bmi-160g6-01>
                            <4*bmi-460g6-36>
                            <4*bmi-460g6-40>
Execution home directory was not known.
</data/salomonis2/Matthew_weirauch/GSE-samples> was used as the working directory.
Started at Wed Aug 10 13:33:45 2016
Results reported at Wed Aug 10 13:33:48 2016
Cannot open your job file: 1470850423.466392
Exited with exit code 99.

Resource usage summary:

    CPU time   :      0.54 sec.
    Max Memory :        14 MB
    Max Swap   :       428 MB

    Max Processes  :         4
    Max Threads    :         4


PS:

Unable to read output data from the stdout buffer file <1470850423.466392.out>: your job was probably aborted prematurely.
Unable to read stderr data from stderr buffer file; your job was probably aborted prematurely.

