Read 2635 cel files from: cel_files.txt
Running ProbesetSummarizeEngine...
Loaded: 0 probe/probeset pairs to be ignored from: probes_to_remove.txt
Opening clf file: HuEx-1_0-st-v2.r2.clf
Opening pgf file: HuEx-1_0-st-v2.r2.pgf
Setting analysis info.
Setting analysis info.
Reading and pre-processing 2635 cel files..................................................................................................Traceback (most recent call last):
  File "/data/salomonis1/software/AltAnalyze/AltAnalyze.py", line 7939, in <module>
    runCommandLineVersion()
  File "/data/salomonis1/software/AltAnalyze/AltAnalyze.py", line 7851, in runCommandLineVersion
    commandLineRun()
  File "/data/salomonis1/software/AltAnalyze/AltAnalyze.py", line 7809, in commandLineRun
    AltAnalyzeMain(expr_var, alt_var, goelite_var, additional_var, exp_file_location_db,None)
  File "/data/salomonis1/software/AltAnalyze/AltAnalyze.py", line 5374, in AltAnalyzeMain
    APT.probesetSummarize(exp_file_location_db,analyze_metaprobesets,filter_probeset_types,species,root)
  File "/data/salomonis1/software/AltAnalyze/APT.py", line 202, in probesetSummarize
    "-a", algorithm, "-a", pval, "-o", output_dir, "--cel-files", cel_dir]) # "--chip-type", "hjay", "--chip-type", "HJAY" http://www.openbioinformatics.org/penncnv/penncnv_tutorial_affy_gw6.html
  File "/usr/local/python/2.7.5/lib/python2.7/subprocess.py", line 524, in call
    return Popen(*popenargs, **kwargs).wait()
  File "/usr/local/python/2.7.5/lib/python2.7/subprocess.py", line 1357, in wait
    pid, sts = _eintr_retry_call(os.waitpid, self.pid, 0)
  File "/usr/local/python/2.7.5/lib/python2.7/subprocess.py", line 478, in _eintr_retry_call
    return func(*args)
KeyboardInterrupt
