Sender: LSF System <srv-lsf@bmi-460g6-04>
Subject: Job 467740: <#BSUB -L /bin/bash;#BSUB -W 140:00;#BSUB -n 16;#BSUB -R "span[ptile=4]";#BSUB -M 16000;#BSUB -e /data/salomonis1/software/AltAnalyze/logs/%J.err;#BSUB -o /data/salomonis1/software/AltAnalyze/logs/%J.out; module load samtools python; python /data/salomonis1/software/AltAnalyze/AltAnalyze.py --species Hs --platform exon --celdir /data/salomonis2/Matthew_weirauch/GSE-samples/ --groupdir /data/salomonis2/Matthew_weirauch/GSE-samples/ExpressionInput/groups.EBV.txt --compdir /data/salomonis2/Matthew_weirauch/GSE-samples/ExpressionInput/comps.EBV.txt --output /data/salomonis2/Matthew_weirauch/GSE-samples/ --expname EBV --runalt no> Exited

Job <#BSUB -L /bin/bash;#BSUB -W 140:00;#BSUB -n 16;#BSUB -R "span[ptile=4]";#BSUB -M 16000;#BSUB -e /data/salomonis1/software/AltAnalyze/logs/%J.err;#BSUB -o /data/salomonis1/software/AltAnalyze/logs/%J.out; module load samtools python; python /data/salomonis1/software/AltAnalyze/AltAnalyze.py --species Hs --platform exon --celdir /data/salomonis2/Matthew_weirauch/GSE-samples/ --groupdir /data/salomonis2/Matthew_weirauch/GSE-samples/ExpressionInput/groups.EBV.txt --compdir /data/salomonis2/Matthew_weirauch/GSE-samples/ExpressionInput/comps.EBV.txt --output /data/salomonis2/Matthew_weirauch/GSE-samples/ --expname EBV --runalt no> was submitted from host <bmiclusterp1> by user <venz6v> in cluster <BMICluster>.
Job was executed on host(s) <4*bmi-460g6-04>, in queue <normal>, as user <venz6v> in cluster <BMICluster>.
                            <4*bmi-460g6-37>
                            <4*bmi-460g6-40>
                            <4*bmi-460g6-38>
</users/venz6v> was used as the home directory.
</data/salomonis2/Matthew_weirauch/GSE-samples> was used as the working directory.
Started at Wed Aug 10 14:21:48 2016
Results reported at Sun Aug 14 08:17:48 2016

Your job looked like:

------------------------------------------------------------
# LSBATCH: User input
#BSUB -L /bin/bash
#BSUB -W 140:00
#BSUB -n 16
#BSUB -R "span[ptile=4]"
#BSUB -M 16000
#BSUB -e /data/salomonis1/software/AltAnalyze/logs/%J.err
#BSUB -o /data/salomonis1/software/AltAnalyze/logs/%J.out

module load samtools python

python /data/salomonis1/software/AltAnalyze/AltAnalyze.py --species Hs --platform exon --celdir /data/salomonis2/Matthew_weirauch/GSE-samples/ --groupdir /data/salomonis2/Matthew_weirauch/GSE-samples/ExpressionInput/groups.EBV.txt --compdir /data/salomonis2/Matthew_weirauch/GSE-samples/ExpressionInput/comps.EBV.txt --output /data/salomonis2/Matthew_weirauch/GSE-samples/ --expname EBV --runalt no


------------------------------------------------------------

TERM_MEMLIMIT: job killed after reaching LSF memory usage limit.
Exited with exit code 143.

Resource usage summary:

    CPU time   : 174491.00 sec.
    Max Memory :     17498 MB
    Max Swap   :     18318 MB

    Max Processes  :         6
    Max Threads    :         7

The output (if any) follows:

3 [['/data/salomonis1/software/AltAnalyze/AltAnalyze.py', '--species', 'Hs', '--platform', 'exon', '--celdir', '/data/salomonis2/Matthew_weirauch/GSE-samples/', '--groupdir', '/data/salomonis2/Matthew_weirauch/GSE-samples/ExpressionInput/groups.EBV.txt', '--compdir', '/data/salomonis2/Matthew_weirauch/GSE-samples/ExpressionInput/comps.EBV.txt', '--output', '/data/salomonis2/Matthew_weirauch/GSE-samples/', '--expname', 'EBV', '--runalt', 'no']] Running commandline options

Arguments input: ['/data/salomonis1/software/AltAnalyze/AltAnalyze.py', '--species', 'Hs', '--platform', 'exon', '--celdir', '/data/salomonis2/Matthew_weirauch/GSE-samples/', '--groupdir', '/data/salomonis2/Matthew_weirauch/GSE-samples/ExpressionInput/groups.EBV.txt', '--compdir', '/data/salomonis2/Matthew_weirauch/GSE-samples/ExpressionInput/comps.EBV.txt', '--output', '/data/salomonis2/Matthew_weirauch/GSE-samples/', '--expname', 'EBV', '--runalt', 'no'] 

Groups file already present in target location OR bad input path.
Comparison file already present in target location OR bad input path.
Groups file already present in target location OR bad input path.
Comparison file already present in target location OR bad input path.
Beginning AltAnalyze Analysis... Format: log
AltAnalyze version 2.0.9.4 - Expression Analysis Parameters Being Used...
	database: EnsMart72
	species: Hs
	method: exon
	manufacturer: Affymetrix
	probability_statistic: moderated t-test
	constitutive_source: Ensembl
	dabg_p: 0.05
	raw_expression_threshold: 1.0
	avg_all_for_ss: no
	expression_data_format: log
	include_raw_data: yes
	run_from_scratch: Process CEL files
	perform_alt_analysis: expression
	calculate_gene_expression_using: constitutive
Alternative Exon Analysis Parameters Being Used...
	analysis_method: splicing-index
	p_threshold: 0.05
	filter_data_types: core
	alt_exon_fold_variable: 2.0
	gene_expression_cutoff: 3.0
	remove_intronic_junctions: NA
	avg_all_for_ss: no
	permute_p_threshold: NA
	perform_permutation_analysis: NA
	export_NI_values: yes
	run_MiDAS: yes
	use_direct_domain_alignments_only: inferred comparison
	microRNA_prediction_method: any
	analyze_all_conditions: pairwise
	filter_for_AS: no
	run_GOElite: run-immediately
Running command line mode: yes
Processor architecture set = 64bit x86_64
Beginning probeset summarization of input CEL files with Affymetrix Power Tools (APT)...
CEL files successfully processed. See log and report file in the output folder under "ExpressionInput/APT-output" for more details.
Beginning to Process the Hs exon dataset
21168 Ensembl GO/pathway annotations imported in 5 seconds
45715 constitutive genes and 851244 array IDs imported out of 851245 lines.
Exon data imported in 392 seconds
Reorganizing expression data into comparison groups for export to down-stream splicing analysis software
Exon data imported in 2582 seconds
Pairwise comparisons for AltAnalyze exported...
Reorganizing expression data into comparison groups for export to down-stream splicing analysis software
Exon data imported in 2413 seconds
Pairwise comparisons for AltAnalyze exported...
851244 expression and 814820 detection p-value filtered array IDs out of 851244
814820 array IDs after detection p-value and expression filtering.
Exon data imported in 269 seconds


PS:

Read file </data/salomonis1/software/AltAnalyze/logs/467740.err> for stderr output of this job.

