Read 2635 cel files from: cel_files.txt
Running ProbesetSummarizeEngine...
Loaded: 0 probe/probeset pairs to be ignored from: probes_to_remove.txt
Opening clf file: HuEx-1_0-st-v2.r2.clf
Opening pgf file: HuEx-1_0-st-v2.r2.pgf
Setting analysis info.
Setting analysis info.
Reading and pre-processing 2635 cel files...........................................................................................................................................................................................................................................................................................................................................................................................................................................................................................................................................................................................................................................................................................................................................................................................................................................................................................................................................................................................................................................................................................................................................................................................................................................................................................................................................................................................................................................................................................................................................................................................................................................................................................................................................................................................................................................................................................................................................................................................................................................................................................................................................................................................................................................................................................................................................................................................................................................................................................................................................................................................................................................................................................................................................Done. (94.65 min)
Processing 1 chipstream.
In RMA::findBandWidth, boundary condition hit. Possible problem with input data.
In RMA::findBandWidth, boundary condition hit. Possible problem with input data.
In RMA::findBandWidth, boundary condition hit. Possible problem with input data.
In RMA::findBandWidth, boundary condition hit. Possible problem with input data.
Computing sketch normalization for 2635 cel datasets...........................................................................................................................................................................................................................................................................................................................................................................................................................................................................................................................................................................................................................................................................................................................................................................................................................................................................................................................................................................................................................................................................................................................................................................................................................................................................................................................................................................................................................................................................................................................................................................................................................................................................................................................................................................................................................................................................................................................................................................................................................................................................................................................................................................................................................................................................................................................................................................................................................................................................................................................................................................................................................................................................................................................................Done. (24.11 min)
Applying sketch normalization to 2635 cel datasets...........................................................................................................................................................................................................................................................................................................................................................................................................................................................................................................................................................................................................................................................................................................................................................................................................................................................................................................................................................................................................................................................................................................................................................................................................................................................................................................................................................................................................................................................................................................................................................................................................................................................................................................................................................................................................................................................................................................................................................................................................................................................................................................................................................................................................................................................................................................................................................................................................................................................................................................................................................................................................................................................................................................................................Done. (71.63 min)
Finalizing 1 chipstream.
Processing Probesets.....................Done. (4965.38 min)
Flushing output reporters. Finalizing output.
Done.
Run took approximately: 5286.08 minutes.
Done running ProbesetSummarizeEngine.
Traceback (most recent call last):
  File "/data/salomonis1/software/AltAnalyze/AltAnalyze.py", line 7939, in <module>
    runCommandLineVersion()
  File "/data/salomonis1/software/AltAnalyze/AltAnalyze.py", line 7851, in runCommandLineVersion
    commandLineRun()
  File "/data/salomonis1/software/AltAnalyze/AltAnalyze.py", line 7809, in commandLineRun
    AltAnalyzeMain(expr_var, alt_var, goelite_var, additional_var, exp_file_location_db,None)
  File "/data/salomonis1/software/AltAnalyze/AltAnalyze.py", line 5495, in AltAnalyzeMain
    exp_file_location_db,root)
  File "/data/salomonis1/software/AltAnalyze/ExpressionBuilder.py", line 1851, in remoteExpressionBuilder
    try: probeset_db,annotate_db,comparison_filename_list = ExonArray.getAnnotations(fl,array_type,dabg_p,expression_threshold,data_source,vendor,constitutive_source,species,avg_all_for_ss,filter_by_dabg,perform_alt_analysis,expression_data_format)
  File "/data/salomonis1/software/AltAnalyze/ExonArray.py", line 654, in getAnnotations
    filterExpressionData(expr_input_dir,filtered_exon_db,constitutive_gene_db,probeset_db,'expression',array_names,perform_alt_analysis)
  File "/data/salomonis1/software/AltAnalyze/ExonArray.py", line 278, in filterExpressionData
    constitutive_exp_dbase = importExonProbesetData(filename,possible_constitutive_probeset,'raw') 
  File "/data/salomonis1/software/AltAnalyze/ExonArray.py", line 130, in importExonProbesetData
    tab_delimited_data = string.split(data,'\t')
  File "/usr/local/python/2.7.5/lib/python2.7/string.py", line 292, in split
    return s.split(sep, maxsplit)
KeyboardInterrupt
Terminated
