Traceback (most recent call last):
  File "/data/salomonis1/software/AltAnalyze/AltAnalyze.py", line 7466, in <module>
    runCommandLineVersion()
  File "/data/salomonis1/software/AltAnalyze/AltAnalyze.py", line 7380, in runCommandLineVersion
    commandLineRun()
  File "/data/salomonis1/software/AltAnalyze/AltAnalyze.py", line 7350, in commandLineRun
    AltAnalyzeMain(expr_var, alt_var, goelite_var, additional_var, exp_file_location_db,None)
  File "/data/salomonis1/software/AltAnalyze/AltAnalyze.py", line 5389, in AltAnalyzeMain
    exp_file_location_db,root)
  File "/data/salomonis1/software/AltAnalyze/ExpressionBuilder.py", line 1623, in remoteExpressionBuilder
    try: probeset_db,annotate_db,comparison_filename_list = ExonArray.getAnnotations(fl,array_type,dabg_p,expression_threshold,data_source,vendor,constitutive_source,species,avg_all_for_ss,filter_by_dabg,perform_alt_analysis,expression_data_format)
  File "/data/salomonis1/software/AltAnalyze/ExonArray.py", line 645, in getAnnotations
    comparison_filename_list,biotypes = exportGroupedComparisonProbesetData(expr_input_dir,probeset_db,data_type,array_names,array_linker_db,perform_alt_analysis)
  File "/data/salomonis1/software/AltAnalyze/ExonArray.py", line 234, in exportGroupedComparisonProbesetData
    biotypes = importExonProbesetData(filename,probeset_db,'reorderFilterAndExportAll')
  File "/data/salomonis1/software/AltAnalyze/ExonArray.py", line 152, in importExonProbesetData
    reorderArraysOnly(filtered_exp_db,filetype,counts) ###order and directly write data
  File "/data/salomonis1/software/AltAnalyze/ExonArray.py", line 346, in reorderArraysOnly
    group1 = int(info[0]); group2 = int(info[1]); comp = str(info[0]),str(info[1])
KeyboardInterrupt
Terminated
