Sender: LSF System <srv-lsf@bmi-460g1-15>
Subject: Job 473915: <#BSUB -L /bin/bash;#BSUB -W 48:00;#BSUB -n 16;#BSUB -R "span[ptile=4]";#BSUB -M 16000;#BSUB -e /data/salomonis1/software/AltAnalyze/logs/%J.err;#BSUB -o /data/salomonis1/software/AltAnalyze/logs/%J.out; module load samtools python/2.7.6; python /data/salomonis1/software/AltAnalyze/AltAnalyze.py --bedDir /data/salomonis1/projects/Grimes/exonbed/GEC_14085 --output /data/salomonis1/projects/Grimes/exonbed/GEC_14085 --platform RNASeq --species Mm --expname GEC_14085> Done

Job <#BSUB -L /bin/bash;#BSUB -W 48:00;#BSUB -n 16;#BSUB -R "span[ptile=4]";#BSUB -M 16000;#BSUB -e /data/salomonis1/software/AltAnalyze/logs/%J.err;#BSUB -o /data/salomonis1/software/AltAnalyze/logs/%J.out; module load samtools python/2.7.6; python /data/salomonis1/software/AltAnalyze/AltAnalyze.py --bedDir /data/salomonis1/projects/Grimes/exonbed/GEC_14085 --output /data/salomonis1/projects/Grimes/exonbed/GEC_14085 --platform RNASeq --species Mm --expname GEC_14085> was submitted from host <bmiclusterp1> by user <saljh8> in cluster <BMICluster>.
Job was executed on host(s) <4*bmi-460g1-15>, in queue <normal>, as user <saljh8> in cluster <BMICluster>.
                            <4*bmi-460g1-10>
                            <4*bmi-460g6-08>
                            <4*bmi-460g6-06>
</users/saljh8> was used as the home directory.
</users/saljh8/salomonis1/software> was used as the working directory.
Started at Wed Dec  3 15:57:36 2014
Results reported at Wed Dec  3 15:57:44 2014

Your job looked like:

------------------------------------------------------------
# LSBATCH: User input
#BSUB -L /bin/bash
#BSUB -W 48:00
#BSUB -n 16
#BSUB -R "span[ptile=4]"
#BSUB -M 16000
#BSUB -e /data/salomonis1/software/AltAnalyze/logs/%J.err
#BSUB -o /data/salomonis1/software/AltAnalyze/logs/%J.out

module load samtools python/2.7.6

python /data/salomonis1/software/AltAnalyze/AltAnalyze.py --bedDir /data/salomonis1/projects/Grimes/exonbed/GEC_14085 --output /data/salomonis1/projects/Grimes/exonbed/GEC_14085 --platform RNASeq --species Mm --expname GEC_14085


------------------------------------------------------------

Successfully completed.

Resource usage summary:

    CPU time   :      2.09 sec.
    Max Memory :         8 MB
    Max Swap   :       405 MB

    Max Processes  :         4
    Max Threads    :         4

The output (if any) follows:


Pmw or Tkinter not found... Tkinter print out not available

Pmw or Tkinter not found... Tkinter print out not available

Pmw or Tkinter not found... Tkinter print out not available
Running commandline options

Arguments input: ['/data/salomonis1/software/AltAnalyze/AltAnalyze.py', '--bedDir', '/data/salomonis1/projects/Grimes/exonbed/GEC_14085', '--output', '/data/salomonis1/projects/Grimes/exonbed/GEC_14085', '--platform', 'RNASeq', '--species', 'Mm', '--expname', 'GEC_14085'] 

[Errno 2] No such file or directory: '/data/salomonis1/projects/Grimes/exonbed/GEC_14085/AltAnalyze_report-20141203-155744.log'
Please designate an output directory before proceeding (e.g., --output "C:\RNASeq)


PS:

Read file </data/salomonis1/software/AltAnalyze/logs/473915.err> for stderr output of this job.

