Sender: LSF System <srv-lsf@bmi-460g7-01>
Subject: Job 708720: <#BSUB -L /bin/bash;#BSUB -W 10:00;#BSUB -n 16;#BSUB -R "span[ptile=4]";#BSUB -M 40000;#BSUB -e /data/salomonis1/software/AltAnalyze/logs/%J.err;#BSUB -o /data/salomonis1/software/AltAnalyze/logs/%J.out; module load samtools python; python /data/salomonis1/software/AltAnalyze/AltAnalyze.py --species Hs --platform RNASeq --runICGS yes --bedDir /data/salomonis2/Ashish_kumar-Run1985/MLL-Samples_GEO/star-results --output /data/salomonis2/Ashish_kumar-Run1985/MLL-Samples_GEO/star-results --expname GSE72041 --featurestoEvaluate AltExon> Done

Job <#BSUB -L /bin/bash;#BSUB -W 10:00;#BSUB -n 16;#BSUB -R "span[ptile=4]";#BSUB -M 40000;#BSUB -e /data/salomonis1/software/AltAnalyze/logs/%J.err;#BSUB -o /data/salomonis1/software/AltAnalyze/logs/%J.out; module load samtools python; python /data/salomonis1/software/AltAnalyze/AltAnalyze.py --species Hs --platform RNASeq --runICGS yes --bedDir /data/salomonis2/Ashish_kumar-Run1985/MLL-Samples_GEO/star-results --output /data/salomonis2/Ashish_kumar-Run1985/MLL-Samples_GEO/star-results --expname GSE72041 --featurestoEvaluate AltExon> was submitted from host <bmiclusterp2> by user <cherr5> in cluster <BMICluster>.
Job was executed on host(s) <4*bmi-460g7-01>, in queue <normal>, as user <cherr5> in cluster <BMICluster>.
                            <4*bmi-460g6-40>
                            <4*bmi-460g6-37>
                            <4*bmi-460g6-05>
</users/cherr5> was used as the home directory.
</data/salomonis2/Ashish_kumar-Run1985/MLL-Samples_GEO/star-results> was used as the working directory.
Started at Fri Apr 21 19:30:38 2017
Results reported at Fri Apr 21 19:31:41 2017

Your job looked like:

------------------------------------------------------------
# LSBATCH: User input
#BSUB -L /bin/bash
#BSUB -W 10:00
#BSUB -n 16
#BSUB -R "span[ptile=4]"
#BSUB -M 40000
#BSUB -e /data/salomonis1/software/AltAnalyze/logs/%J.err
#BSUB -o /data/salomonis1/software/AltAnalyze/logs/%J.out

module load samtools python

python /data/salomonis1/software/AltAnalyze/AltAnalyze.py --species Hs --platform RNASeq --runICGS yes --bedDir /data/salomonis2/Ashish_kumar-Run1985/MLL-Samples_GEO/star-results --output /data/salomonis2/Ashish_kumar-Run1985/MLL-Samples_GEO/star-results --expname GSE72041 --featurestoEvaluate AltExon

------------------------------------------------------------

Successfully completed.

Resource usage summary:

    CPU time   :     11.29 sec.
    Max Memory :        98 MB
    Max Swap   :       938 MB

    Max Processes  :         5
    Max Threads    :         6

The output (if any) follows:

3 [['/data/salomonis1/software/AltAnalyze/AltAnalyze.py', '--species', 'Hs', '--platform', 'RNASeq', '--runICGS', 'yes', '--bedDir', '/data/salomonis2/Ashish_kumar-Run1985/MLL-Samples_GEO/star-results', '--output', '/data/salomonis2/Ashish_kumar-Run1985/MLL-Samples_GEO/star-results', '--expname', 'GSE72041', '--featurestoEvaluate', 'AltExon']] Running commandline options

Arguments input: ['/data/salomonis1/software/AltAnalyze/AltAnalyze.py', '--species', 'Hs', '--platform', 'RNASeq', '--runICGS', 'yes', '--bedDir', '/data/salomonis2/Ashish_kumar-Run1985/MLL-Samples_GEO/star-results', '--output', '/data/salomonis2/Ashish_kumar-Run1985/MLL-Samples_GEO/star-results', '--expname', 'GSE72041', '--featurestoEvaluate', 'AltExon'] 

Excluding Cell Cycle effects status: True
Predicted sample export failed..
Traceback (most recent call last):
  File "/data/salomonis1/software/AltAnalyze/UI.py", line 670, in predictSampleExpGroups
    graphic_links2,cluster_input_file=ExpressionBuilder.unbiasedComparisonSpliceProfiles(fl.RootDir(),species,array_type,expFile=fl.CountsFile(),min_events=gsp.MinEvents(),med_events=gsp.MedEvents())
NameError: global name 'fl' is not defined

Predicted sample export failed..
Traceback (most recent call last):
  File "/data/salomonis1/software/AltAnalyze/UI.py", line 670, in predictSampleExpGroups
    graphic_links2,cluster_input_file=ExpressionBuilder.unbiasedComparisonSpliceProfiles(fl.RootDir(),species,array_type,expFile=fl.CountsFile(),min_events=gsp.MinEvents(),med_events=gsp.MedEvents())
NameError: global name 'fl' is not defined

Traceback (most recent call last):
  File "/data/salomonis1/software/AltAnalyze/UI.py", line 670, in predictSampleExpGroups
    graphic_links2,cluster_input_file=ExpressionBuilder.unbiasedComparisonSpliceProfiles(fl.RootDir(),species,array_type,expFile=fl.CountsFile(),min_events=gsp.MinEvents(),med_events=gsp.MedEvents())
NameError: global name 'fl' is not defined

Traceback (most recent call last):
  File "/data/salomonis1/software/AltAnalyze/AltAnalyze.py", line 7985, in runCommandLineVersion
    commandLineRun()
  File "/data/salomonis1/software/AltAnalyze/AltAnalyze.py", line 6514, in commandLineRun
    Guide3_results = graphic_links[-1][-1][:-4]+'.txt'
IndexError: list index out of range


AltAnalyze depedency not met for: cairo
...Network visualization requires igraph and cairo

WARNING!!!! Some dependencies are not currently met.
This may impact AltAnalyze's performance



PS:

Read file </data/salomonis1/software/AltAnalyze/logs/708720.err> for stderr output of this job.

